2015-12-14 09:44:49,046 - acimigrate - CRITICAL - *************************
2015-12-14 09:44:49,046 - acimigrate - CRITICAL - acimigrate is starting
2015-12-14 09:44:49,046 - acimigrate - CRITICAL - *************************
2015-12-14 09:44:49,117 - acimigrate.forms - INFO - Loading Forms
2015-12-14 09:46:51,567 - acimigrate - CRITICAL - *************************
2015-12-14 09:46:51,567 - acimigrate - CRITICAL - acimigrate is starting
2015-12-14 09:46:51,567 - acimigrate - CRITICAL - *************************
2015-12-14 09:46:51,574 - acimigrate.forms - INFO - Loading Forms
2015-12-14 09:46:51,725 - acimigrate.tasks - INFO - Loading Tasks
2015-12-14 09:46:51,726 - acimigrate.views - INFO - Loading Views
2015-12-14 09:56:39,537 - acimigrate.tasks - INFO - Created EPG for vlan default
2015-12-14 09:56:39,990 - acimigrate.tasks - INFO - Created EPG for vlan 1k-vtep
2015-12-14 09:56:40,156 - acimigrate.tasks - INFO - Layer 3 migration for 1k-vtep vlan completed
2015-12-14 09:56:40,319 - acimigrate.tasks - INFO - Created EPG for vlan VLAN0123
2015-12-14 09:56:40,444 - acimigrate.tasks - INFO - Layer 3 migration for VLAN0123 vlan completed
2015-12-14 09:56:40,602 - acimigrate.tasks - INFO - Created EPG for vlan VLAN0999
2015-12-14 09:56:40,764 - acimigrate.tasks - INFO - Created EPG for vlan n1k-l3
2015-12-14 10:00:49,632 - acimigrate.tasks - INFO - Created EPG for vlan default
2015-12-14 10:00:50,050 - acimigrate.tasks - INFO - Created EPG for vlan 1k-vtep
2015-12-14 10:00:50,176 - acimigrate.tasks - INFO - Layer 3 migration for 1k-vtep vlan completed
2015-12-14 10:00:50,296 - acimigrate.tasks - INFO - Created EPG for vlan VLAN0123
2015-12-14 10:00:50,440 - acimigrate.tasks - INFO - Layer 3 migration for VLAN0123 vlan completed
2015-12-14 10:00:50,569 - acimigrate.tasks - INFO - Created EPG for vlan VLAN0999
2015-12-14 10:00:50,708 - acimigrate.tasks - INFO - Created EPG for vlan n1k-l3
2015-12-14 10:02:06,089 - acimigrate.tasks - INFO - Created EPG for vlan default
2015-12-14 10:02:06,206 - acimigrate.tasks - INFO - Created EPG for vlan 1k-vtep
2015-12-14 10:02:06,370 - acimigrate.tasks - INFO - Layer 3 migration for 1k-vtep vlan completed
2015-12-14 10:02:06,566 - acimigrate.tasks - INFO - Created EPG for vlan VLAN0123
2015-12-14 10:02:06,784 - acimigrate.tasks - INFO - Layer 3 migration for VLAN0123 vlan completed
2015-12-14 10:02:07,132 - acimigrate.tasks - INFO - Created EPG for vlan VLAN0999
2015-12-14 10:02:07,322 - acimigrate.tasks - INFO - Created EPG for vlan n1k-l3
2015-12-14 10:02:10,613 - acimigrate - CRITICAL - *************************
2015-12-14 10:02:10,613 - acimigrate - CRITICAL - acimigrate is starting
2015-12-14 10:02:10,614 - acimigrate - CRITICAL - *************************
2015-12-14 10:02:10,623 - acimigrate.forms - INFO - Loading Forms
2015-12-14 10:02:10,712 - acimigrate.tasks - INFO - Loading Tasks
2015-12-14 10:02:10,712 - acimigrate.views - INFO - Loading Views
2015-12-14 10:02:43,584 - acimigrate.tasks - INFO - Failed to create EPG for vlan default
2015-12-14 10:02:43,757 - acimigrate.tasks - INFO - Failed to create EPG for vlan 1k-vtep
2015-12-14 10:02:43,894 - acimigrate.tasks - INFO - Failed to create EPG for vlan VLAN0123
2015-12-14 10:02:44,065 - acimigrate.tasks - INFO - Failed to create EPG for vlan VLAN0999
2015-12-14 10:02:44,276 - acimigrate.tasks - INFO - Failed to create EPG for vlan n1k-l3
2015-12-14 10:03:11,036 - acimigrate.tasks - INFO - Created EPG for vlan default
2015-12-14 10:03:11,192 - acimigrate.tasks - INFO - Created EPG for vlan 1k-vtep
2015-12-14 10:03:11,323 - acimigrate.tasks - INFO - Created EPG for vlan VLAN0123
2015-12-14 10:03:11,472 - acimigrate.tasks - INFO - Created EPG for vlan VLAN0999
2015-12-14 10:03:11,628 - acimigrate.tasks - INFO - Created EPG for vlan n1k-l3
2015-12-14 10:05:00,179 - acimigrate.tasks - INFO - Created EPG for vlan default
2015-12-14 10:05:00,330 - acimigrate.tasks - INFO - Created EPG for vlan 1k-vtep
2015-12-14 10:05:00,474 - acimigrate.tasks - INFO - Created EPG for vlan VLAN0123
2015-12-14 10:05:00,629 - acimigrate.tasks - INFO - Created EPG for vlan VLAN0999
2015-12-14 10:05:00,770 - acimigrate.tasks - INFO - Created EPG for vlan n1k-l3
2015-12-14 10:07:35,689 - acimigrate.tasks - INFO - Created EPG for vlan default
2015-12-14 10:07:35,821 - acimigrate.tasks - INFO - Created EPG for vlan 1k-vtep
2015-12-14 10:07:35,992 - acimigrate.tasks - INFO - Layer 3 migration for 1k-vtep vlan completed
2015-12-14 10:07:36,194 - acimigrate.tasks - INFO - Created EPG for vlan VLAN0123
2015-12-14 10:07:36,333 - acimigrate.tasks - INFO - Layer 3 migration for VLAN0123 vlan completed
2015-12-14 10:07:36,473 - acimigrate.tasks - INFO - Created EPG for vlan VLAN0999
2015-12-14 10:07:36,612 - acimigrate.tasks - INFO - Created EPG for vlan n1k-l3
2015-12-14 10:08:13,095 - acimigrate - CRITICAL - *************************
2015-12-14 10:08:13,096 - acimigrate - CRITICAL - acimigrate is starting
2015-12-14 10:08:13,096 - acimigrate - CRITICAL - *************************
2015-12-14 10:08:13,112 - acimigrate.forms - INFO - Loading Forms
2015-12-14 10:08:13,276 - acimigrate.tasks - INFO - Loading Tasks
2015-12-14 10:08:13,276 - acimigrate.views - INFO - Loading Views
2015-12-14 10:08:50,016 - acimigrate.tasks - INFO - Created EPG for vlan default
2015-12-14 10:08:50,200 - acimigrate.tasks - INFO - Created EPG for vlan 1k-vtep
2015-12-14 10:08:50,371 - acimigrate.tasks - INFO - Layer 3 migration for 1k-vtep vlan completed
2015-12-14 10:08:50,539 - acimigrate.tasks - INFO - Created EPG for vlan VLAN0123
2015-12-14 10:08:50,726 - acimigrate.tasks - INFO - Layer 3 migration for VLAN0123 vlan completed
2015-12-14 10:08:50,893 - acimigrate.tasks - INFO - Created EPG for vlan VLAN0999
2015-12-14 10:08:51,064 - acimigrate.tasks - INFO - Created EPG for vlan n1k-l3
2015-12-15 10:13:04,752 - acimigrate - CRITICAL - *************************
2015-12-15 10:13:04,752 - acimigrate - CRITICAL - acimigrate is starting
2015-12-15 10:13:04,752 - acimigrate - CRITICAL - *************************
2015-12-15 10:13:04,776 - acimigrate.forms - INFO - Loading Forms
2015-12-15 10:13:05,004 - acimigrate.tasks - INFO - Loading Tasks
2015-12-15 10:13:05,004 - acimigrate.views - INFO - Loading Views
2015-12-15 10:14:52,094 - acimigrate.tasks - INFO - Created EPG for vlan default
2015-12-15 10:14:52,252 - acimigrate.tasks - INFO - Created EPG for vlan 1k-vtep
2015-12-15 10:14:52,378 - acimigrate.tasks - INFO - Layer 3 migration for 1k-vtep vlan completed
2015-12-15 10:14:52,546 - acimigrate.tasks - INFO - Created EPG for vlan VLAN0123
2015-12-15 10:14:52,681 - acimigrate.tasks - INFO - Layer 3 migration for VLAN0123 vlan completed
2015-12-15 10:14:52,842 - acimigrate.tasks - INFO - Created EPG for vlan VLAN0999
2015-12-15 10:14:53,005 - acimigrate.tasks - INFO - Created EPG for vlan n1k-l3
2015-12-15 11:28:38,488 - acimigrate - CRITICAL - *************************
2015-12-15 11:28:38,488 - acimigrate - CRITICAL - acimigrate is starting
2015-12-15 11:28:38,488 - acimigrate - CRITICAL - *************************
2015-12-15 11:28:38,506 - acimigrate.forms - INFO - Loading Forms
2015-12-15 11:28:38,667 - acimigrate.tasks - INFO - Loading Tasks
2015-12-15 11:28:38,667 - acimigrate.views - INFO - Loading Views
2015-12-17 09:29:45,394 - acimigrate - CRITICAL - *************************
2015-12-17 09:29:45,395 - acimigrate - CRITICAL - acimigrate is starting
2015-12-17 09:29:45,395 - acimigrate - CRITICAL - *************************
2015-12-17 09:29:45,421 - acimigrate.forms - INFO - Loading Forms
2015-12-17 09:29:45,676 - acimigrate.tasks - INFO - Loading Tasks
2015-12-17 09:29:45,676 - acimigrate.views - INFO - Loading Views
2015-12-17 09:31:35,100 - acimigrate - CRITICAL - *************************
2015-12-17 09:31:35,100 - acimigrate - CRITICAL - acimigrate is starting
2015-12-17 09:31:35,100 - acimigrate - CRITICAL - *************************
2015-12-17 09:31:35,107 - acimigrate.forms - INFO - Loading Forms
2015-12-17 09:31:35,179 - acimigrate.tasks - INFO - Loading Tasks
2015-12-17 09:31:35,180 - acimigrate.views - INFO - Loading Views
2015-12-17 09:35:07,880 - acimigrate - CRITICAL - *************************
2015-12-17 09:35:07,880 - acimigrate - CRITICAL - acimigrate is starting
2015-12-17 09:35:07,880 - acimigrate - CRITICAL - *************************
2015-12-17 09:35:07,887 - acimigrate.forms - INFO - Loading Forms
2015-12-17 09:35:07,967 - acimigrate.tasks - INFO - Loading Tasks
2015-12-17 09:35:07,967 - acimigrate.views - INFO - Loading Views
2015-12-17 09:36:06,058 - acimigrate - CRITICAL - *************************
2015-12-17 09:36:06,058 - acimigrate - CRITICAL - acimigrate is starting
2015-12-17 09:36:06,058 - acimigrate - CRITICAL - *************************
2015-12-17 09:36:06,065 - acimigrate.forms - INFO - Loading Forms
2015-12-17 09:36:06,142 - acimigrate.tasks - INFO - Loading Tasks
2015-12-17 09:36:06,142 - acimigrate.views - INFO - Loading Views
2015-12-17 09:36:47,322 - acimigrate - CRITICAL - *************************
2015-12-17 09:36:47,322 - acimigrate - CRITICAL - acimigrate is starting
2015-12-17 09:36:47,322 - acimigrate - CRITICAL - *************************
2015-12-17 09:36:47,329 - acimigrate.forms - INFO - Loading Forms
2015-12-17 09:36:47,421 - acimigrate.tasks - INFO - Loading Tasks
2015-12-17 09:36:47,422 - acimigrate.views - INFO - Loading Views
2015-12-17 09:42:29,932 - acimigrate - CRITICAL - *************************
2015-12-17 09:42:29,932 - acimigrate - CRITICAL - acimigrate is starting
2015-12-17 09:42:29,932 - acimigrate - CRITICAL - *************************
2015-12-17 09:42:29,939 - acimigrate.forms - INFO - Loading Forms
2015-12-17 09:42:30,013 - acimigrate.tasks - INFO - Loading Tasks
2015-12-17 09:42:30,013 - acimigrate.views - INFO - Loading Views
2015-12-17 09:43:02,186 - acimigrate - CRITICAL - *************************
2015-12-17 09:43:02,186 - acimigrate - CRITICAL - acimigrate is starting
2015-12-17 09:43:02,186 - acimigrate - CRITICAL - *************************
2015-12-17 09:43:02,192 - acimigrate.forms - INFO - Loading Forms
2015-12-17 09:43:02,275 - acimigrate.tasks - INFO - Loading Tasks
2015-12-17 09:43:02,275 - acimigrate.views - INFO - Loading Views
2015-12-17 09:43:32,514 - acimigrate - CRITICAL - *************************
2015-12-17 09:43:32,514 - acimigrate - CRITICAL - acimigrate is starting
2015-12-17 09:43:32,514 - acimigrate - CRITICAL - *************************
2015-12-17 09:43:32,520 - acimigrate.forms - INFO - Loading Forms
2015-12-17 09:43:32,598 - acimigrate.tasks - INFO - Loading Tasks
2015-12-17 09:43:32,598 - acimigrate.views - INFO - Loading Views
2015-12-17 09:44:01,964 - acimigrate - CRITICAL - *************************
2015-12-17 09:44:01,965 - acimigrate - CRITICAL - acimigrate is starting
2015-12-17 09:44:01,965 - acimigrate - CRITICAL - *************************
2015-12-17 09:44:01,971 - acimigrate.forms - INFO - Loading Forms
2015-12-17 09:44:02,046 - acimigrate.tasks - INFO - Loading Tasks
2015-12-17 09:44:02,046 - acimigrate.views - INFO - Loading Views
2015-12-17 09:48:32,187 - acimigrate - CRITICAL - *************************
2015-12-17 09:48:32,187 - acimigrate - CRITICAL - acimigrate is starting
2015-12-17 09:48:32,187 - acimigrate - CRITICAL - *************************
2015-12-17 09:48:32,194 - acimigrate.forms - INFO - Loading Forms
2015-12-17 09:48:32,274 - acimigrate.tasks - INFO - Loading Tasks
2015-12-17 09:48:32,274 - acimigrate.views - INFO - Loading Views
2015-12-17 09:50:30,408 - acimigrate - CRITICAL - *************************
2015-12-17 09:50:30,408 - acimigrate - CRITICAL - acimigrate is starting
2015-12-17 09:50:30,408 - acimigrate - CRITICAL - *************************
2015-12-17 09:50:30,415 - acimigrate.forms - INFO - Loading Forms
2015-12-17 09:50:30,493 - acimigrate.tasks - INFO - Loading Tasks
2015-12-17 09:50:30,493 - acimigrate.views - INFO - Loading Views
2015-12-17 09:51:33,834 - acimigrate - CRITICAL - *************************
2015-12-17 09:51:33,834 - acimigrate - CRITICAL - acimigrate is starting
2015-12-17 09:51:33,834 - acimigrate - CRITICAL - *************************
2015-12-17 09:51:33,841 - acimigrate.forms - INFO - Loading Forms
2015-12-17 09:51:33,915 - acimigrate.tasks - INFO - Loading Tasks
2015-12-17 09:51:33,915 - acimigrate.views - INFO - Loading Views
2015-12-17 09:52:09,116 - acimigrate - CRITICAL - *************************
2015-12-17 09:52:09,116 - acimigrate - CRITICAL - acimigrate is starting
2015-12-17 09:52:09,116 - acimigrate - CRITICAL - *************************
2015-12-17 09:52:09,122 - acimigrate.forms - INFO - Loading Forms
2015-12-17 09:52:09,208 - acimigrate.tasks - INFO - Loading Tasks
2015-12-17 09:52:09,208 - acimigrate.views - INFO - Loading Views
2015-12-17 09:52:27,720 - acimigrate - CRITICAL - *************************
2015-12-17 09:52:27,720 - acimigrate - CRITICAL - acimigrate is starting
2015-12-17 09:52:27,720 - acimigrate - CRITICAL - *************************
2015-12-17 09:52:27,726 - acimigrate.forms - INFO - Loading Forms
2015-12-17 09:52:27,807 - acimigrate.tasks - INFO - Loading Tasks
2015-12-17 09:52:27,807 - acimigrate.views - INFO - Loading Views
2015-12-17 09:55:20,850 - acimigrate - CRITICAL - *************************
2015-12-17 09:55:20,850 - acimigrate - CRITICAL - acimigrate is starting
2015-12-17 09:55:20,850 - acimigrate - CRITICAL - *************************
2015-12-17 09:55:20,857 - acimigrate.forms - INFO - Loading Forms
2015-12-17 09:55:20,934 - acimigrate.tasks - INFO - Loading Tasks
2015-12-17 09:55:20,934 - acimigrate.views - INFO - Loading Views
2015-12-17 10:04:24,307 - acimigrate - CRITICAL - *************************
2015-12-17 10:04:24,307 - acimigrate - CRITICAL - acimigrate is starting
2015-12-17 10:04:24,307 - acimigrate - CRITICAL - *************************
2015-12-17 10:04:24,314 - acimigrate.forms - INFO - Loading Forms
2015-12-17 10:04:24,389 - acimigrate.tasks - INFO - Loading Tasks
2015-12-17 10:04:24,389 - acimigrate.views - INFO - Loading Views
2015-12-17 10:05:28,564 - acimigrate - CRITICAL - *************************
2015-12-17 10:05:28,565 - acimigrate - CRITICAL - acimigrate is starting
2015-12-17 10:05:28,565 - acimigrate - CRITICAL - *************************
2015-12-17 10:05:28,571 - acimigrate.forms - INFO - Loading Forms
2015-12-17 10:05:28,651 - acimigrate.tasks - INFO - Loading Tasks
2015-12-17 10:05:28,651 - acimigrate.views - INFO - Loading Views
2015-12-17 10:06:09,845 - acimigrate - CRITICAL - *************************
2015-12-17 10:06:09,845 - acimigrate - CRITICAL - acimigrate is starting
2015-12-17 10:06:09,845 - acimigrate - CRITICAL - *************************
2015-12-17 10:06:09,851 - acimigrate.forms - INFO - Loading Forms
2015-12-17 10:06:09,930 - acimigrate.tasks - INFO - Loading Tasks
2015-12-17 10:06:09,930 - acimigrate.views - INFO - Loading Views
2015-12-17 10:09:28,972 - acimigrate - CRITICAL - *************************
2015-12-17 10:09:28,972 - acimigrate - CRITICAL - acimigrate is starting
2015-12-17 10:09:28,972 - acimigrate - CRITICAL - *************************
2015-12-17 10:09:28,978 - acimigrate.forms - INFO - Loading Forms
2015-12-17 10:09:29,054 - acimigrate.tasks - INFO - Loading Tasks
2015-12-17 10:09:29,054 - acimigrate.views - INFO - Loading Views
2015-12-17 10:10:37,928 - acimigrate - CRITICAL - *************************
2015-12-17 10:10:37,928 - acimigrate - CRITICAL - acimigrate is starting
2015-12-17 10:10:37,928 - acimigrate - CRITICAL - *************************
2015-12-17 10:10:37,935 - acimigrate.forms - INFO - Loading Forms
2015-12-17 10:10:38,011 - acimigrate.tasks - INFO - Loading Tasks
2015-12-17 10:10:38,011 - acimigrate.views - INFO - Loading Views
2015-12-17 10:13:43,069 - acimigrate - CRITICAL - *************************
2015-12-17 10:13:43,069 - acimigrate - CRITICAL - acimigrate is starting
2015-12-17 10:13:43,069 - acimigrate - CRITICAL - *************************
2015-12-17 10:13:43,079 - acimigrate.forms - INFO - Loading Forms
2015-12-17 10:13:43,157 - acimigrate.tasks - INFO - Loading Tasks
2015-12-17 10:13:43,157 - acimigrate.views - INFO - Loading Views
2015-12-17 10:19:16,966 - acimigrate - CRITICAL - *************************
2015-12-17 10:19:16,966 - acimigrate - CRITICAL - acimigrate is starting
2015-12-17 10:19:16,966 - acimigrate - CRITICAL - *************************
2015-12-17 10:19:16,973 - acimigrate.forms - INFO - Loading Forms
2015-12-17 10:19:17,064 - acimigrate.tasks - INFO - Loading Tasks
2015-12-17 10:19:17,065 - acimigrate.views - INFO - Loading Views
2015-12-17 10:19:38,049 - acimigrate.tasks - INFO - Created EPG for vlan default
2015-12-17 10:19:38,199 - acimigrate.tasks - INFO - Created EPG for vlan 1k-vtep
2015-12-17 10:19:38,224 - acimigrate.tasks - INFO - Layer 3 migration for 1k-vtep vlan completed
2015-12-17 10:19:38,286 - acimigrate.tasks - INFO - Created EPG for vlan VLAN0123
2015-12-17 10:19:38,329 - acimigrate.tasks - INFO - Layer 3 migration for VLAN0123 vlan completed
2015-12-17 10:19:38,394 - acimigrate.tasks - INFO - Created EPG for vlan VLAN0999
2015-12-17 10:19:38,453 - acimigrate.tasks - INFO - Created EPG for vlan n1k-l3
2015-12-17 10:25:46,759 - acimigrate - CRITICAL - *************************
2015-12-17 10:25:46,759 - acimigrate - CRITICAL - acimigrate is starting
2015-12-17 10:25:46,759 - acimigrate - CRITICAL - *************************
2015-12-17 10:25:46,765 - acimigrate.forms - INFO - Loading Forms
2015-12-17 10:25:46,860 - acimigrate.tasks - INFO - Loading Tasks
2015-12-17 10:25:46,860 - acimigrate.views - INFO - Loading Views
2015-12-17 10:26:18,525 - acimigrate - CRITICAL - *************************
2015-12-17 10:26:18,525 - acimigrate - CRITICAL - acimigrate is starting
2015-12-17 10:26:18,525 - acimigrate - CRITICAL - *************************
2015-12-17 10:26:18,532 - acimigrate.forms - INFO - Loading Forms
2015-12-17 10:26:18,617 - acimigrate.tasks - INFO - Loading Tasks
2015-12-17 10:26:18,617 - acimigrate.views - INFO - Loading Views
2015-12-17 10:26:35,025 - acimigrate.tasks - INFO - Failed to create EPG for vlan default
2015-12-17 10:26:35,043 - acimigrate.tasks - INFO - Failed to create EPG for vlan 1k-vtep
2015-12-17 10:27:47,194 - acimigrate - CRITICAL - *************************
2015-12-17 10:27:47,194 - acimigrate - CRITICAL - acimigrate is starting
2015-12-17 10:27:47,194 - acimigrate - CRITICAL - *************************
2015-12-17 10:27:47,201 - acimigrate.forms - INFO - Loading Forms
2015-12-17 10:28:10,245 - acimigrate - CRITICAL - *************************
2015-12-17 10:28:10,245 - acimigrate - CRITICAL - acimigrate is starting
2015-12-17 10:28:10,245 - acimigrate - CRITICAL - *************************
2015-12-17 10:28:10,251 - acimigrate.forms - INFO - Loading Forms
2015-12-17 10:28:10,333 - acimigrate.tasks - INFO - Loading Tasks
2015-12-17 10:28:10,333 - acimigrate.views - INFO - Loading Views
2015-12-17 10:28:29,051 - acimigrate.tasks - INFO - Failed to create EPG for vlan default
2015-12-17 10:28:29,066 - acimigrate.tasks - INFO - Failed to create EPG for vlan 1k-vtep
2015-12-17 10:28:57,396 - acimigrate - CRITICAL - *************************
2015-12-17 10:28:57,396 - acimigrate - CRITICAL - acimigrate is starting
2015-12-17 10:28:57,396 - acimigrate - CRITICAL - *************************
2015-12-17 10:28:57,406 - acimigrate.forms - INFO - Loading Forms
2015-12-17 10:28:57,496 - acimigrate.tasks - INFO - Loading Tasks
2015-12-17 10:28:57,496 - acimigrate.views - INFO - Loading Views
2015-12-17 10:29:20,135 - acimigrate.tasks - INFO - Failed to create EPG for vlan default
2015-12-17 10:29:20,150 - acimigrate.tasks - INFO - Failed to create EPG for vlan 1k-vtep
2015-12-17 10:29:20,185 - acimigrate.tasks - INFO - Failed to create EPG for vlan VLAN0123
2015-12-17 10:29:20,219 - acimigrate.tasks - INFO - Failed to create EPG for vlan VLAN0999
2015-12-17 10:29:20,237 - acimigrate.tasks - INFO - Failed to create EPG for vlan n1k-l3
2015-12-17 10:30:03,041 - acimigrate - CRITICAL - *************************
2015-12-17 10:30:03,041 - acimigrate - CRITICAL - acimigrate is starting
2015-12-17 10:30:03,041 - acimigrate - CRITICAL - *************************
2015-12-17 10:30:03,050 - acimigrate.forms - INFO - Loading Forms
2015-12-17 10:30:03,135 - acimigrate.tasks - INFO - Loading Tasks
2015-12-17 10:30:03,135 - acimigrate.views - INFO - Loading Views
2015-12-17 10:34:56,539 - acimigrate - CRITICAL - *************************
2015-12-17 10:34:56,539 - acimigrate - CRITICAL - acimigrate is starting
2015-12-17 10:34:56,539 - acimigrate - CRITICAL - *************************
2015-12-17 10:34:56,546 - acimigrate.forms - INFO - Loading Forms
2015-12-17 10:34:56,623 - acimigrate.tasks - INFO - Loading Tasks
2015-12-17 10:34:56,623 - acimigrate.views - INFO - Loading Views
2015-12-17 10:35:16,512 - acimigrate.tasks - INFO - Created EPG for vlan default
2015-12-17 10:35:16,630 - acimigrate.tasks - INFO - Created EPG for vlan 1k-vtep
2015-12-17 10:35:16,662 - acimigrate.tasks - INFO - Layer 3 migration for 1k-vtep vlan completed
2015-12-17 10:35:16,725 - acimigrate.tasks - INFO - Created EPG for vlan VLAN0123
2015-12-17 10:35:16,759 - acimigrate.tasks - INFO - Layer 3 migration for VLAN0123 vlan completed
2015-12-17 10:35:16,828 - acimigrate.tasks - INFO - Created EPG for vlan VLAN0999
2015-12-17 10:35:16,893 - acimigrate.tasks - INFO - Created EPG for vlan n1k-l3
2015-12-17 10:37:21,495 - acimigrate - CRITICAL - *************************
2015-12-17 10:37:21,495 - acimigrate - CRITICAL - acimigrate is starting
2015-12-17 10:37:21,495 - acimigrate - CRITICAL - *************************
2015-12-17 10:37:21,503 - acimigrate.forms - INFO - Loading Forms
2015-12-17 10:37:21,586 - acimigrate.tasks - INFO - Loading Tasks
2015-12-17 10:37:21,586 - acimigrate.views - INFO - Loading Views
2015-12-17 10:37:47,662 - acimigrate.tasks - INFO - Failed to create EPG for vlan default
2015-12-17 10:37:47,680 - acimigrate.tasks - INFO - Failed to create EPG for vlan 1k-vtep
2015-12-17 10:37:47,717 - acimigrate.tasks - INFO - Failed to create EPG for vlan VLAN0123
2015-12-17 10:37:47,757 - acimigrate.tasks - INFO - Failed to create EPG for vlan VLAN0999
2015-12-17 10:37:47,781 - acimigrate.tasks - INFO - Failed to create EPG for vlan n1k-l3
2015-12-17 10:38:20,766 - acimigrate - CRITICAL - *************************
2015-12-17 10:38:20,766 - acimigrate - CRITICAL - acimigrate is starting
2015-12-17 10:38:20,767 - acimigrate - CRITICAL - *************************
2015-12-17 10:38:20,773 - acimigrate.forms - INFO - Loading Forms
2015-12-17 10:38:20,851 - acimigrate.tasks - INFO - Loading Tasks
2015-12-17 10:38:20,851 - acimigrate.views - INFO - Loading Views
2015-12-17 10:38:49,590 - acimigrate.tasks - INFO - Created EPG for vlan default
2015-12-17 10:38:49,644 - acimigrate.tasks - INFO - Created EPG for vlan 1k-vtep
2015-12-17 10:38:49,676 - acimigrate.tasks - INFO - Layer 3 migration for 1k-vtep vlan completed
2015-12-17 10:38:49,736 - acimigrate.tasks - INFO - Created EPG for vlan VLAN0123
2015-12-17 10:38:49,763 - acimigrate.tasks - INFO - Layer 3 migration for VLAN0123 vlan completed
2015-12-17 10:38:49,822 - acimigrate.tasks - INFO - Created EPG for vlan VLAN0999
2015-12-17 10:38:49,879 - acimigrate.tasks - INFO - Created EPG for vlan n1k-l3
2015-12-17 11:59:34,420 - acimigrate - CRITICAL - *************************
2015-12-17 11:59:34,420 - acimigrate - CRITICAL - acimigrate is starting
2015-12-17 11:59:34,420 - acimigrate - CRITICAL - *************************
2015-12-17 11:59:34,461 - acimigrate.forms - INFO - Loading Forms
2015-12-17 11:59:34,653 - acimigrate.tasks - INFO - Loading Tasks
2015-12-17 11:59:34,653 - acimigrate.views - INFO - Loading Views
2015-12-17 12:00:05,742 - acimigrate.tasks - INFO - Created EPG for vlan default
2015-12-17 12:00:05,907 - acimigrate.tasks - INFO - Created EPG for vlan 1k-vtep
2015-12-17 12:00:05,944 - acimigrate.tasks - INFO - Layer 3 migration for 1k-vtep vlan completed
2015-12-17 12:00:06,009 - acimigrate.tasks - INFO - Created EPG for vlan VLAN0123
2015-12-17 12:00:06,054 - acimigrate.tasks - INFO - Layer 3 migration for VLAN0123 vlan completed
2015-12-17 12:00:24,545 - acimigrate - CRITICAL - *************************
2015-12-17 12:00:24,545 - acimigrate - CRITICAL - acimigrate is starting
2015-12-17 12:00:24,545 - acimigrate - CRITICAL - *************************
2015-12-17 12:00:24,553 - acimigrate.forms - INFO - Loading Forms
2015-12-17 12:00:24,655 - acimigrate.tasks - INFO - Loading Tasks
2015-12-17 12:00:24,655 - acimigrate.views - INFO - Loading Views
2015-12-17 12:00:43,431 - acimigrate.tasks - INFO - Created EPG for vlan default
2015-12-17 12:00:43,541 - acimigrate.tasks - INFO - Created EPG for vlan 1k-vtep
2015-12-17 12:00:43,574 - acimigrate.tasks - INFO - Layer 3 migration for 1k-vtep vlan completed
2015-12-17 12:00:43,648 - acimigrate.tasks - INFO - Created EPG for vlan VLAN0123
2015-12-17 12:00:43,675 - acimigrate.tasks - INFO - Layer 3 migration for VLAN0123 vlan completed
2015-12-17 12:15:16,799 - acimigrate - CRITICAL - *************************
2015-12-17 12:15:16,799 - acimigrate - CRITICAL - acimigrate is starting
2015-12-17 12:15:16,799 - acimigrate - CRITICAL - *************************
2015-12-17 12:15:16,805 - acimigrate.forms - INFO - Loading Forms
2015-12-17 12:15:16,897 - acimigrate.tasks - INFO - Loading Tasks
2015-12-17 12:15:16,897 - acimigrate.views - INFO - Loading Views
2015-12-17 12:16:17,870 - acimigrate - CRITICAL - *************************
2015-12-17 12:16:17,870 - acimigrate - CRITICAL - acimigrate is starting
2015-12-17 12:16:17,870 - acimigrate - CRITICAL - *************************
2015-12-17 12:16:17,877 - acimigrate.forms - INFO - Loading Forms
2015-12-17 12:16:17,963 - acimigrate.tasks - INFO - Loading Tasks
2015-12-17 12:16:17,963 - acimigrate.views - INFO - Loading Views
2015-12-17 12:17:58,720 - acimigrate - CRITICAL - *************************
2015-12-17 12:17:58,720 - acimigrate - CRITICAL - acimigrate is starting
2015-12-17 12:17:58,720 - acimigrate - CRITICAL - *************************
2015-12-17 12:17:58,726 - acimigrate.forms - INFO - Loading Forms
2015-12-17 12:17:58,816 - acimigrate.tasks - INFO - Loading Tasks
2015-12-17 12:17:58,816 - acimigrate.views - INFO - Loading Views
2015-12-17 12:19:12,736 - acimigrate - CRITICAL - *************************
2015-12-17 12:19:12,736 - acimigrate - CRITICAL - acimigrate is starting
2015-12-17 12:19:12,736 - acimigrate - CRITICAL - *************************
2015-12-17 12:19:12,743 - acimigrate.forms - INFO - Loading Forms
2015-12-17 12:19:12,830 - acimigrate.tasks - INFO - Loading Tasks
2015-12-17 12:19:12,830 - acimigrate.views - INFO - Loading Views
2015-12-17 12:19:30,695 - acimigrate.tasks - INFO - Created EPG for vlan default
2015-12-17 12:19:30,847 - acimigrate.tasks - INFO - Created EPG for vlan 1k-vtep
2015-12-17 12:19:30,884 - acimigrate.tasks - INFO - Layer 3 migration for 1k-vtep vlan completed
2015-12-17 12:19:30,946 - acimigrate.tasks - INFO - Created EPG for vlan VLAN0123
2015-12-17 12:19:31,007 - acimigrate.tasks - INFO - Layer 3 migration for VLAN0123 vlan completed
2015-12-17 12:20:06,827 - acimigrate - CRITICAL - *************************
2015-12-17 12:20:06,827 - acimigrate - CRITICAL - acimigrate is starting
2015-12-17 12:20:06,827 - acimigrate - CRITICAL - *************************
2015-12-17 12:20:06,834 - acimigrate.forms - INFO - Loading Forms
2015-12-17 12:20:06,926 - acimigrate.tasks - INFO - Loading Tasks
2015-12-17 12:20:06,926 - acimigrate.views - INFO - Loading Views
2015-12-17 12:20:27,530 - acimigrate.tasks - INFO - Created EPG for vlan default
2015-12-17 12:20:27,562 - acimigrate.tasks - INFO - Created EPG for vlan 1k-vtep
2015-12-17 12:20:27,611 - acimigrate.tasks - INFO - Layer 3 migration for 1k-vtep vlan completed
2015-12-17 12:20:27,632 - acimigrate.tasks - INFO - Created EPG for vlan VLAN0123
2015-12-17 12:20:27,682 - acimigrate.tasks - INFO - Layer 3 migration for VLAN0123 vlan completed
2015-12-17 12:21:18,787 - acimigrate - CRITICAL - *************************
2015-12-17 12:21:18,787 - acimigrate - CRITICAL - acimigrate is starting
2015-12-17 12:21:18,787 - acimigrate - CRITICAL - *************************
2015-12-17 12:21:18,797 - acimigrate.forms - INFO - Loading Forms
2015-12-17 12:21:18,891 - acimigrate.tasks - INFO - Loading Tasks
2015-12-17 12:21:18,891 - acimigrate.views - INFO - Loading Views
2015-12-17 12:24:16,486 - acimigrate - CRITICAL - *************************
2015-12-17 12:24:16,486 - acimigrate - CRITICAL - acimigrate is starting
2015-12-17 12:24:16,486 - acimigrate - CRITICAL - *************************
2015-12-17 12:24:16,494 - acimigrate.forms - INFO - Loading Forms
2015-12-17 12:24:16,585 - acimigrate.tasks - INFO - Loading Tasks
2015-12-17 12:24:16,585 - acimigrate.views - INFO - Loading Views
2015-12-17 12:25:06,024 - acimigrate - CRITICAL - *************************
2015-12-17 12:25:06,024 - acimigrate - CRITICAL - acimigrate is starting
2015-12-17 12:25:06,024 - acimigrate - CRITICAL - *************************
2015-12-17 12:25:06,033 - acimigrate.forms - INFO - Loading Forms
2015-12-17 12:25:06,128 - acimigrate.tasks - INFO - Loading Tasks
2015-12-17 12:25:06,128 - acimigrate.views - INFO - Loading Views
2015-12-17 12:25:58,096 - acimigrate - CRITICAL - *************************
2015-12-17 12:25:58,096 - acimigrate - CRITICAL - acimigrate is starting
2015-12-17 12:25:58,097 - acimigrate - CRITICAL - *************************
2015-12-17 12:25:58,104 - acimigrate.forms - INFO - Loading Forms
2015-12-17 12:25:58,187 - acimigrate.tasks - INFO - Loading Tasks
2015-12-17 12:25:58,187 - acimigrate.views - INFO - Loading Views
2015-12-17 12:27:38,345 - acimigrate - CRITICAL - *************************
2015-12-17 12:27:38,345 - acimigrate - CRITICAL - acimigrate is starting
2015-12-17 12:27:38,345 - acimigrate - CRITICAL - *************************
2015-12-17 12:27:38,355 - acimigrate.forms - INFO - Loading Forms
2015-12-17 12:27:38,438 - acimigrate.tasks - INFO - Loading Tasks
2015-12-17 12:27:38,439 - acimigrate.views - INFO - Loading Views
2015-12-17 12:28:40,081 - acimigrate - CRITICAL - *************************
2015-12-17 12:28:40,081 - acimigrate - CRITICAL - acimigrate is starting
2015-12-17 12:28:40,081 - acimigrate - CRITICAL - *************************
2015-12-17 12:28:40,088 - acimigrate.forms - INFO - Loading Forms
2015-12-17 12:28:40,179 - acimigrate.tasks - INFO - Loading Tasks
2015-12-17 12:28:40,179 - acimigrate.views - INFO - Loading Views
2015-12-17 12:31:03,708 - acimigrate - CRITICAL - *************************
2015-12-17 12:31:03,708 - acimigrate - CRITICAL - acimigrate is starting
2015-12-17 12:31:03,708 - acimigrate - CRITICAL - *************************
2015-12-17 12:31:03,715 - acimigrate.forms - INFO - Loading Forms
2015-12-17 12:31:03,805 - acimigrate.tasks - INFO - Loading Tasks
2015-12-17 12:31:03,806 - acimigrate.views - INFO - Loading Views
2015-12-17 12:32:17,968 - acimigrate - CRITICAL - *************************
2015-12-17 12:32:17,968 - acimigrate - CRITICAL - acimigrate is starting
2015-12-17 12:32:17,968 - acimigrate - CRITICAL - *************************
2015-12-17 12:32:17,975 - acimigrate.forms - INFO - Loading Forms
2015-12-17 12:32:18,059 - acimigrate.tasks - INFO - Loading Tasks
2015-12-17 12:32:18,059 - acimigrate.views - INFO - Loading Views
2015-12-17 12:33:58,906 - acimigrate - CRITICAL - *************************
2015-12-17 12:33:58,906 - acimigrate - CRITICAL - acimigrate is starting
2015-12-17 12:33:58,906 - acimigrate - CRITICAL - *************************
2015-12-17 12:33:58,914 - acimigrate.forms - INFO - Loading Forms
2015-12-17 12:33:58,998 - acimigrate.tasks - INFO - Loading Tasks
2015-12-17 12:33:58,998 - acimigrate.views - INFO - Loading Views
2015-12-17 12:35:51,724 - acimigrate - CRITICAL - *************************
2015-12-17 12:35:51,724 - acimigrate - CRITICAL - acimigrate is starting
2015-12-17 12:35:51,724 - acimigrate - CRITICAL - *************************
2015-12-17 12:35:51,730 - acimigrate.forms - INFO - Loading Forms
2015-12-17 12:35:51,818 - acimigrate.tasks - INFO - Loading Tasks
2015-12-17 12:35:51,819 - acimigrate.views - INFO - Loading Views
2015-12-17 12:39:16,477 - acimigrate - CRITICAL - *************************
2015-12-17 12:39:16,477 - acimigrate - CRITICAL - acimigrate is starting
2015-12-17 12:39:16,477 - acimigrate - CRITICAL - *************************
2015-12-17 12:39:16,485 - acimigrate.forms - INFO - Loading Forms
2015-12-17 12:39:16,567 - acimigrate.tasks - INFO - Loading Tasks
2015-12-17 12:39:16,567 - acimigrate.views - INFO - Loading Views
2015-12-17 12:39:46,463 - acimigrate - CRITICAL - *************************
2015-12-17 12:39:46,463 - acimigrate - CRITICAL - acimigrate is starting
2015-12-17 12:39:46,463 - acimigrate - CRITICAL - *************************
2015-12-17 12:39:46,470 - acimigrate.forms - INFO - Loading Forms
2015-12-17 12:39:46,553 - acimigrate.tasks - INFO - Loading Tasks
2015-12-17 12:39:46,553 - acimigrate.views - INFO - Loading Views
2015-12-17 12:40:36,587 - acimigrate - CRITICAL - *************************
2015-12-17 12:40:36,587 - acimigrate - CRITICAL - acimigrate is starting
2015-12-17 12:40:36,587 - acimigrate - CRITICAL - *************************
2015-12-17 12:40:36,596 - acimigrate.forms - INFO - Loading Forms
2015-12-17 12:40:36,685 - acimigrate.tasks - INFO - Loading Tasks
2015-12-17 12:40:36,685 - acimigrate.views - INFO - Loading Views
2015-12-17 12:43:31,351 - acimigrate - CRITICAL - *************************
2015-12-17 12:43:31,351 - acimigrate - CRITICAL - acimigrate is starting
2015-12-17 12:43:31,351 - acimigrate - CRITICAL - *************************
2015-12-17 12:43:31,357 - acimigrate.forms - INFO - Loading Forms
2015-12-17 12:43:31,437 - acimigrate.tasks - INFO - Loading Tasks
2015-12-17 12:43:31,437 - acimigrate.views - INFO - Loading Views
2015-12-17 12:45:29,966 - acimigrate - CRITICAL - *************************
2015-12-17 12:45:29,966 - acimigrate - CRITICAL - acimigrate is starting
2015-12-17 12:45:29,966 - acimigrate - CRITICAL - *************************
2015-12-17 12:45:29,974 - acimigrate.forms - INFO - Loading Forms
2015-12-17 12:45:30,063 - acimigrate.tasks - INFO - Loading Tasks
2015-12-17 12:45:30,063 - acimigrate.views - INFO - Loading Views
2015-12-17 12:50:09,584 - acimigrate - CRITICAL - *************************
2015-12-17 12:50:09,585 - acimigrate - CRITICAL - acimigrate is starting
2015-12-17 12:50:09,585 - acimigrate - CRITICAL - *************************
2015-12-17 12:50:09,657 - acimigrate.forms - INFO - Loading Forms
2015-12-17 12:50:09,740 - acimigrate.tasks - INFO - Loading Tasks
2015-12-17 12:50:09,740 - acimigrate.views - INFO - Loading Views
2015-12-17 12:52:07,585 - acimigrate - CRITICAL - *************************
2015-12-17 12:52:07,586 - acimigrate - CRITICAL - acimigrate is starting
2015-12-17 12:52:07,586 - acimigrate - CRITICAL - *************************
2015-12-17 12:52:07,629 - acimigrate.forms - INFO - Loading Forms
2015-12-17 12:52:07,701 - acimigrate.tasks - INFO - Loading Tasks
2015-12-17 12:52:07,701 - acimigrate.views - INFO - Loading Views
2015-12-17 12:52:46,490 - acimigrate - CRITICAL - *************************
2015-12-17 12:52:46,491 - acimigrate - CRITICAL - acimigrate is starting
2015-12-17 12:52:46,491 - acimigrate - CRITICAL - *************************
2015-12-17 12:52:46,543 - acimigrate.forms - INFO - Loading Forms
2015-12-17 12:52:46,613 - acimigrate.tasks - INFO - Loading Tasks
2015-12-17 12:52:46,614 - acimigrate.views - INFO - Loading Views
2015-12-17 12:52:54,667 - acimigrate - CRITICAL - *************************
2015-12-17 12:52:54,667 - acimigrate - CRITICAL - acimigrate is starting
2015-12-17 12:52:54,667 - acimigrate - CRITICAL - *************************
2015-12-17 12:52:54,716 - acimigrate.forms - INFO - Loading Forms
2015-12-17 12:52:54,790 - acimigrate.tasks - INFO - Loading Tasks
2015-12-17 12:52:54,791 - acimigrate.views - INFO - Loading Views
2015-12-17 12:53:00,604 - acimigrate - CRITICAL - *************************
2015-12-17 12:53:00,604 - acimigrate - CRITICAL - acimigrate is starting
2015-12-17 12:53:00,604 - acimigrate - CRITICAL - *************************
2015-12-17 12:53:00,650 - acimigrate.forms - INFO - Loading Forms
2015-12-17 12:53:00,715 - acimigrate.tasks - INFO - Loading Tasks
2015-12-17 12:53:00,715 - acimigrate.views - INFO - Loading Views
2015-12-17 12:53:10,188 - acimigrate - CRITICAL - *************************
2015-12-17 12:53:10,189 - acimigrate - CRITICAL - acimigrate is starting
2015-12-17 12:53:10,189 - acimigrate - CRITICAL - *************************
2015-12-17 12:53:10,239 - acimigrate.forms - INFO - Loading Forms
2015-12-17 12:53:10,303 - acimigrate.tasks - INFO - Loading Tasks
2015-12-17 12:53:10,303 - acimigrate.views - INFO - Loading Views
2015-12-17 12:53:11,643 - acimigrate - CRITICAL - *************************
2015-12-17 12:53:11,643 - acimigrate - CRITICAL - acimigrate is starting
2015-12-17 12:53:11,643 - acimigrate - CRITICAL - *************************
2015-12-17 12:53:11,690 - acimigrate.forms - INFO - Loading Forms
2015-12-17 12:53:11,750 - acimigrate.tasks - INFO - Loading Tasks
2015-12-17 12:53:11,750 - acimigrate.views - INFO - Loading Views
2015-12-17 12:53:20,353 - acimigrate - CRITICAL - *************************
2015-12-17 12:53:20,353 - acimigrate - CRITICAL - acimigrate is starting
2015-12-17 12:53:20,353 - acimigrate - CRITICAL - *************************
2015-12-17 12:53:20,402 - acimigrate.forms - INFO - Loading Forms
2015-12-17 12:53:20,480 - acimigrate.tasks - INFO - Loading Tasks
2015-12-17 12:53:20,480 - acimigrate.views - INFO - Loading Views
2015-12-17 12:55:41,207 - acimigrate - CRITICAL - *************************
2015-12-17 12:55:41,207 - acimigrate - CRITICAL - acimigrate is starting
2015-12-17 12:55:41,208 - acimigrate - CRITICAL - *************************
2015-12-17 12:55:41,420 - acimigrate.forms - INFO - Loading Forms
2015-12-17 12:55:41,620 - acimigrate.tasks - INFO - Loading Tasks
2015-12-17 12:55:41,620 - acimigrate.views - INFO - Loading Views
2015-12-17 12:55:50,860 - acimigrate - CRITICAL - *************************
2015-12-17 12:55:50,861 - acimigrate - CRITICAL - acimigrate is starting
2015-12-17 12:55:50,862 - acimigrate - CRITICAL - *************************
2015-12-17 12:55:51,092 - acimigrate.forms - INFO - Loading Forms
2015-12-17 12:55:51,302 - acimigrate.tasks - INFO - Loading Tasks
2015-12-17 12:55:51,302 - acimigrate.views - INFO - Loading Views
2015-12-17 12:56:01,037 - acimigrate - CRITICAL - *************************
2015-12-17 12:56:01,037 - acimigrate - CRITICAL - acimigrate is starting
2015-12-17 12:56:01,038 - acimigrate - CRITICAL - *************************
2015-12-17 12:56:01,248 - acimigrate.forms - INFO - Loading Forms
2015-12-17 12:56:01,443 - acimigrate.tasks - INFO - Loading Tasks
2015-12-17 12:56:01,443 - acimigrate.views - INFO - Loading Views
2015-12-17 12:56:30,776 - acimigrate - CRITICAL - *************************
2015-12-17 12:56:30,777 - acimigrate - CRITICAL - acimigrate is starting
2015-12-17 12:56:30,779 - acimigrate - CRITICAL - *************************
2015-12-17 12:56:31,011 - acimigrate.forms - INFO - Loading Forms
2015-12-17 12:56:31,223 - acimigrate.tasks - INFO - Loading Tasks
2015-12-17 12:56:31,223 - acimigrate.views - INFO - Loading Views
2015-12-17 13:03:22,934 - acimigrate - CRITICAL - *************************
2015-12-17 13:03:22,934 - acimigrate - CRITICAL - acimigrate is starting
2015-12-17 13:03:22,935 - acimigrate - CRITICAL - *************************
2015-12-17 13:03:23,137 - acimigrate.forms - INFO - Loading Forms
2015-12-17 13:03:23,347 - acimigrate.tasks - INFO - Loading Tasks
2015-12-17 13:03:23,347 - acimigrate.views - INFO - Loading Views
2015-12-17 13:04:28,975 - acimigrate - CRITICAL - *************************
2015-12-17 13:04:28,975 - acimigrate - CRITICAL - acimigrate is starting
2015-12-17 13:04:28,975 - acimigrate - CRITICAL - *************************
2015-12-17 13:04:29,183 - acimigrate.forms - INFO - Loading Forms
2015-12-17 13:04:29,383 - acimigrate.tasks - INFO - Loading Tasks
2015-12-17 13:04:29,383 - acimigrate.views - INFO - Loading Views
2015-12-17 13:07:17,220 - acimigrate - CRITICAL - *************************
2015-12-17 13:07:17,221 - acimigrate - CRITICAL - acimigrate is starting
2015-12-17 13:07:17,221 - acimigrate - CRITICAL - *************************
2015-12-17 13:07:17,435 - acimigrate.forms - INFO - Loading Forms
2015-12-17 13:07:17,639 - acimigrate.tasks - INFO - Loading Tasks
2015-12-17 13:07:17,639 - acimigrate.views - INFO - Loading Views
2015-12-17 13:07:47,503 - acimigrate - CRITICAL - *************************
2015-12-17 13:07:47,504 - acimigrate - CRITICAL - acimigrate is starting
2015-12-17 13:07:47,504 - acimigrate - CRITICAL - *************************
2015-12-17 13:07:47,704 - acimigrate.forms - INFO - Loading Forms
2015-12-17 13:07:47,890 - acimigrate.tasks - INFO - Loading Tasks
2015-12-17 13:07:47,891 - acimigrate.views - INFO - Loading Views
2015-12-17 13:08:53,101 - acimigrate - CRITICAL - *************************
2015-12-17 13:08:53,101 - acimigrate - CRITICAL - acimigrate is starting
2015-12-17 13:08:53,102 - acimigrate - CRITICAL - *************************
2015-12-17 13:08:53,302 - acimigrate.forms - INFO - Loading Forms
2015-12-17 13:08:53,503 - acimigrate.tasks - INFO - Loading Tasks
2015-12-17 13:08:53,503 - acimigrate.views - INFO - Loading Views
2015-12-17 14:10:15,773 - acimigrate - CRITICAL - *************************
2015-12-17 14:10:15,773 - acimigrate - CRITICAL - acimigrate is starting
2015-12-17 14:10:15,774 - acimigrate - CRITICAL - *************************
2015-12-17 14:10:15,987 - acimigrate.forms - INFO - Loading Forms
2015-12-17 14:10:16,202 - acimigrate.tasks - INFO - Loading Tasks
2015-12-17 14:10:16,203 - acimigrate.views - INFO - Loading Views
2015-12-17 14:11:34,939 - acimigrate - CRITICAL - *************************
2015-12-17 14:11:34,940 - acimigrate - CRITICAL - acimigrate is starting
2015-12-17 14:11:34,940 - acimigrate - CRITICAL - *************************
2015-12-17 14:11:35,147 - acimigrate.forms - INFO - Loading Forms
2015-12-17 14:11:35,367 - acimigrate.tasks - INFO - Loading Tasks
2015-12-17 14:11:35,367 - acimigrate.views - INFO - Loading Views
2015-12-17 14:15:03,995 - acimigrate - CRITICAL - *************************
2015-12-17 14:15:03,996 - acimigrate - CRITICAL - acimigrate is starting
2015-12-17 14:15:03,996 - acimigrate - CRITICAL - *************************
2015-12-17 14:15:04,196 - acimigrate.forms - INFO - Loading Forms
2015-12-17 14:15:04,399 - acimigrate.tasks - INFO - Loading Tasks
2015-12-17 14:15:04,399 - acimigrate.views - INFO - Loading Views
2015-12-17 14:17:28,425 - acimigrate - CRITICAL - *************************
2015-12-17 14:17:28,425 - acimigrate - CRITICAL - acimigrate is starting
2015-12-17 14:17:28,425 - acimigrate - CRITICAL - *************************
2015-12-17 14:17:28,477 - acimigrate.forms - INFO - Loading Forms
2015-12-17 14:17:28,551 - acimigrate.tasks - INFO - Loading Tasks
2015-12-17 14:17:28,551 - acimigrate.views - INFO - Loading Views
2015-12-17 14:17:47,489 - acimigrate.tasks - INFO - Created EPG for vlan default
2015-12-17 14:17:47,600 - acimigrate.tasks - INFO - Created EPG for vlan 1k-vtep
2015-12-17 14:17:47,622 - acimigrate.tasks - INFO - Layer 3 migration for 1k-vtep vlan completed
2015-12-17 14:17:47,681 - acimigrate.tasks - INFO - Created EPG for vlan VLAN0123
2015-12-17 14:17:47,725 - acimigrate.tasks - INFO - Layer 3 migration for VLAN0123 vlan completed
2015-12-17 14:17:47,746 - acimigrate.tasks - INFO - Layer 3 migration for VLAN0123 vlan completed
2015-12-17 14:17:47,810 - acimigrate.tasks - INFO - Created EPG for vlan VLAN0999
2015-12-17 14:17:47,865 - acimigrate.tasks - INFO - Created EPG for vlan n1k-l3
2015-12-17 14:20:50,805 - acimigrate - CRITICAL - *************************
2015-12-17 14:20:50,805 - acimigrate - CRITICAL - acimigrate is starting
2015-12-17 14:20:50,805 - acimigrate - CRITICAL - *************************
2015-12-17 14:20:50,851 - acimigrate.forms - INFO - Loading Forms
2015-12-17 14:20:50,921 - acimigrate.tasks - INFO - Loading Tasks
2015-12-17 14:20:50,921 - acimigrate.views - INFO - Loading Views
2015-12-17 14:20:55,983 - acimigrate - CRITICAL - *************************
2015-12-17 14:20:55,983 - acimigrate - CRITICAL - acimigrate is starting
2015-12-17 14:20:55,983 - acimigrate - CRITICAL - *************************
2015-12-17 14:20:56,036 - acimigrate.forms - INFO - Loading Forms
2015-12-17 14:20:56,103 - acimigrate.tasks - INFO - Loading Tasks
2015-12-17 14:20:56,104 - acimigrate.views - INFO - Loading Views
2015-12-17 14:21:08,902 - acimigrate - CRITICAL - *************************
2015-12-17 14:21:08,902 - acimigrate - CRITICAL - acimigrate is starting
2015-12-17 14:21:08,902 - acimigrate - CRITICAL - *************************
2015-12-17 14:21:08,955 - acimigrate.forms - INFO - Loading Forms
2015-12-17 14:21:09,024 - acimigrate.tasks - INFO - Loading Tasks
2015-12-17 14:21:09,024 - acimigrate.views - INFO - Loading Views
2015-12-17 14:21:31,224 - acimigrate.tasks - INFO - Created EPG for vlan default
2015-12-17 14:21:31,271 - acimigrate.tasks - INFO - Created EPG for vlan 1k-vtep
2015-12-17 14:21:31,292 - acimigrate.tasks - INFO - Layer 3 migration for 1k-vtep vlan completed
2015-12-17 14:21:31,329 - acimigrate.tasks - INFO - Created EPG for vlan VLAN0123
2015-12-17 14:21:31,360 - acimigrate.tasks - INFO - Layer 3 migration for VLAN0123 vlan completed
2015-12-17 14:21:31,385 - acimigrate.tasks - INFO - Layer 3 migration for VLAN0123 vlan completed
2015-12-17 14:21:31,439 - acimigrate.tasks - INFO - Created EPG for vlan VLAN0999
2015-12-17 14:21:31,504 - acimigrate.tasks - INFO - Created EPG for vlan n1k-l3
2015-12-22 09:40:52,074 - acimigrate - CRITICAL - *************************
2015-12-22 09:40:52,074 - acimigrate - CRITICAL - acimigrate is starting
2015-12-22 09:40:52,074 - acimigrate - CRITICAL - *************************
2015-12-22 09:40:52,107 - acimigrate.forms - INFO - Loading Forms
2015-12-22 09:40:52,327 - acimigrate.tasks - INFO - Loading Tasks
2015-12-22 09:40:52,327 - acimigrate.views - INFO - Loading Views
2015-12-22 09:43:55,785 - acimigrate - CRITICAL - *************************
2015-12-22 09:43:55,786 - acimigrate - CRITICAL - acimigrate is starting
2015-12-22 09:43:55,786 - acimigrate - CRITICAL - *************************
2015-12-22 09:43:55,792 - acimigrate.forms - INFO - Loading Forms
2015-12-22 09:43:55,879 - acimigrate.tasks - INFO - Loading Tasks
2015-12-22 09:43:55,879 - acimigrate.views - INFO - Loading Views
2015-12-22 10:07:20,571 - acimigrate - CRITICAL - *************************
2015-12-22 10:07:20,571 - acimigrate - CRITICAL - acimigrate is starting
2015-12-22 10:07:20,571 - acimigrate - CRITICAL - *************************
2015-12-22 10:07:20,636 - acimigrate.forms - INFO - Loading Forms
2015-12-22 10:07:20,827 - acimigrate.tasks - INFO - Loading Tasks
2015-12-22 10:07:20,827 - acimigrate.views - INFO - Loading Views
2015-12-22 10:07:33,671 - acimigrate - CRITICAL - *************************
2015-12-22 10:07:33,672 - acimigrate - CRITICAL - acimigrate is starting
2015-12-22 10:07:33,672 - acimigrate - CRITICAL - *************************
2015-12-22 10:07:33,880 - acimigrate.forms - INFO - Loading Forms
2015-12-22 10:07:34,067 - acimigrate.tasks - INFO - Loading Tasks
2015-12-22 10:07:34,067 - acimigrate.views - INFO - Loading Views
2015-12-22 10:08:26,510 - acimigrate - CRITICAL - *************************
2015-12-22 10:08:26,511 - acimigrate - CRITICAL - acimigrate is starting
2015-12-22 10:08:26,511 - acimigrate - CRITICAL - *************************
2015-12-22 10:08:26,728 - acimigrate.forms - INFO - Loading Forms
2015-12-22 10:08:26,932 - acimigrate.tasks - INFO - Loading Tasks
2015-12-22 10:08:26,933 - acimigrate.views - INFO - Loading Views
2015-12-22 10:08:43,945 - acimigrate - CRITICAL - *************************
2015-12-22 10:08:43,945 - acimigrate - CRITICAL - acimigrate is starting
2015-12-22 10:08:43,946 - acimigrate - CRITICAL - *************************
2015-12-22 10:08:44,160 - acimigrate.forms - INFO - Loading Forms
2015-12-22 10:08:44,355 - acimigrate.tasks - INFO - Loading Tasks
2015-12-22 10:08:44,356 - acimigrate.views - INFO - Loading Views
2015-12-22 10:09:27,007 - acimigrate - CRITICAL - *************************
2015-12-22 10:09:27,007 - acimigrate - CRITICAL - acimigrate is starting
2015-12-22 10:09:27,008 - acimigrate - CRITICAL - *************************
2015-12-22 10:09:27,212 - acimigrate.forms - INFO - Loading Forms
2015-12-22 10:09:27,407 - acimigrate.tasks - INFO - Loading Tasks
2015-12-22 10:09:27,408 - acimigrate.views - INFO - Loading Views
2015-12-22 10:09:59,887 - acimigrate - CRITICAL - *************************
2015-12-22 10:09:59,887 - acimigrate - CRITICAL - acimigrate is starting
2015-12-22 10:09:59,888 - acimigrate - CRITICAL - *************************
2015-12-22 10:10:00,096 - acimigrate.forms - INFO - Loading Forms
2015-12-22 10:10:00,296 - acimigrate.tasks - INFO - Loading Tasks
2015-12-22 10:10:00,297 - acimigrate.views - INFO - Loading Views
2015-12-22 10:11:02,142 - acimigrate - CRITICAL - *************************
2015-12-22 10:11:02,142 - acimigrate - CRITICAL - acimigrate is starting
2015-12-22 10:11:02,143 - acimigrate - CRITICAL - *************************
2015-12-22 10:11:02,353 - acimigrate.forms - INFO - Loading Forms
2015-12-22 10:11:02,543 - acimigrate.tasks - INFO - Loading Tasks
2015-12-22 10:11:02,544 - acimigrate.views - INFO - Loading Views
2015-12-22 10:18:02,068 - acimigrate - CRITICAL - *************************
2015-12-22 10:18:02,069 - acimigrate - CRITICAL - acimigrate is starting
2015-12-22 10:18:02,069 - acimigrate - CRITICAL - *************************
2015-12-22 10:18:02,285 - acimigrate.forms - INFO - Loading Forms
2015-12-22 10:18:02,474 - acimigrate.tasks - INFO - Loading Tasks
2015-12-22 10:18:02,474 - acimigrate.views - INFO - Loading Views
2015-12-22 10:19:24,053 - acimigrate - CRITICAL - *************************
2015-12-22 10:19:24,054 - acimigrate - CRITICAL - acimigrate is starting
2015-12-22 10:19:24,055 - acimigrate - CRITICAL - *************************
2015-12-22 10:19:24,259 - acimigrate.forms - INFO - Loading Forms
2015-12-22 10:19:24,480 - acimigrate.tasks - INFO - Loading Tasks
2015-12-22 10:19:24,480 - acimigrate.views - INFO - Loading Views
2015-12-22 10:19:51,868 - acimigrate - CRITICAL - *************************
2015-12-22 10:19:51,868 - acimigrate - CRITICAL - acimigrate is starting
2015-12-22 10:19:51,869 - acimigrate - CRITICAL - *************************
2015-12-22 10:19:52,096 - acimigrate.forms - INFO - Loading Forms
2015-12-22 10:19:52,311 - acimigrate.tasks - INFO - Loading Tasks
2015-12-22 10:19:52,311 - acimigrate.views - INFO - Loading Views
2015-12-22 10:41:06,037 - acimigrate - CRITICAL - *************************
2015-12-22 10:41:06,038 - acimigrate - CRITICAL - acimigrate is starting
2015-12-22 10:41:06,039 - acimigrate - CRITICAL - *************************
2015-12-22 10:41:06,275 - acimigrate.forms - INFO - Loading Forms
2015-12-22 10:41:06,512 - acimigrate.tasks - INFO - Loading Tasks
2015-12-22 10:41:06,512 - acimigrate.views - INFO - Loading Views
2015-12-22 10:42:08,280 - acimigrate - CRITICAL - *************************
2015-12-22 10:42:08,281 - acimigrate - CRITICAL - acimigrate is starting
2015-12-22 10:42:08,281 - acimigrate - CRITICAL - *************************
2015-12-22 10:42:08,512 - acimigrate.forms - INFO - Loading Forms
2015-12-22 10:42:08,789 - acimigrate.tasks - INFO - Loading Tasks
2015-12-22 10:42:08,789 - acimigrate.views - INFO - Loading Views
2015-12-22 10:43:09,381 - acimigrate - CRITICAL - *************************
2015-12-22 10:43:09,382 - acimigrate - CRITICAL - acimigrate is starting
2015-12-22 10:43:09,382 - acimigrate - CRITICAL - *************************
2015-12-22 10:43:09,617 - acimigrate.forms - INFO - Loading Forms
2015-12-22 10:43:09,838 - acimigrate.tasks - INFO - Loading Tasks
2015-12-22 10:43:09,839 - acimigrate.views - INFO - Loading Views
2015-12-22 10:43:43,707 - acimigrate - CRITICAL - *************************
2015-12-22 10:43:43,708 - acimigrate - CRITICAL - acimigrate is starting
2015-12-22 10:43:43,708 - acimigrate - CRITICAL - *************************
2015-12-22 10:43:43,929 - acimigrate.forms - INFO - Loading Forms
2015-12-22 10:43:44,164 - acimigrate.tasks - INFO - Loading Tasks
2015-12-22 10:43:44,164 - acimigrate.views - INFO - Loading Views
2015-12-22 10:45:41,754 - acimigrate - CRITICAL - *************************
2015-12-22 10:45:41,754 - acimigrate - CRITICAL - acimigrate is starting
2015-12-22 10:45:41,755 - acimigrate - CRITICAL - *************************
2015-12-22 10:45:41,968 - acimigrate.forms - INFO - Loading Forms
2015-12-22 10:45:42,179 - acimigrate.tasks - INFO - Loading Tasks
2015-12-22 10:45:42,179 - acimigrate.views - INFO - Loading Views
2015-12-22 10:46:30,350 - acimigrate - CRITICAL - *************************
2015-12-22 10:46:30,351 - acimigrate - CRITICAL - acimigrate is starting
2015-12-22 10:46:30,351 - acimigrate - CRITICAL - *************************
2015-12-22 10:46:30,596 - acimigrate.forms - INFO - Loading Forms
2015-12-22 10:46:30,842 - acimigrate.tasks - INFO - Loading Tasks
2015-12-22 10:46:30,843 - acimigrate.views - INFO - Loading Views
2015-12-22 10:46:58,157 - acimigrate - CRITICAL - *************************
2015-12-22 10:46:58,158 - acimigrate - CRITICAL - acimigrate is starting
2015-12-22 10:46:58,159 - acimigrate - CRITICAL - *************************
2015-12-22 10:46:58,372 - acimigrate.forms - INFO - Loading Forms
2015-12-22 10:46:58,583 - acimigrate.tasks - INFO - Loading Tasks
2015-12-22 10:46:58,583 - acimigrate.views - INFO - Loading Views
2015-12-22 10:48:14,812 - acimigrate - CRITICAL - *************************
2015-12-22 10:48:14,813 - acimigrate - CRITICAL - acimigrate is starting
2015-12-22 10:48:14,813 - acimigrate - CRITICAL - *************************
2015-12-22 10:48:15,032 - acimigrate.forms - INFO - Loading Forms
2015-12-22 10:48:15,248 - acimigrate.tasks - INFO - Loading Tasks
2015-12-22 10:48:15,248 - acimigrate.views - INFO - Loading Views
2015-12-22 10:49:08,490 - acimigrate - CRITICAL - *************************
2015-12-22 10:49:08,491 - acimigrate - CRITICAL - acimigrate is starting
2015-12-22 10:49:08,492 - acimigrate - CRITICAL - *************************
2015-12-22 10:49:08,727 - acimigrate.forms - INFO - Loading Forms
2015-12-22 10:49:08,988 - acimigrate.tasks - INFO - Loading Tasks
2015-12-22 10:49:08,988 - acimigrate.views - INFO - Loading Views
2015-12-22 10:50:46,223 - acimigrate - CRITICAL - *************************
2015-12-22 10:50:46,224 - acimigrate - CRITICAL - acimigrate is starting
2015-12-22 10:50:46,224 - acimigrate - CRITICAL - *************************
2015-12-22 10:50:46,444 - acimigrate.forms - INFO - Loading Forms
2015-12-22 10:50:46,681 - acimigrate.tasks - INFO - Loading Tasks
2015-12-22 10:50:46,682 - acimigrate.views - INFO - Loading Views
2015-12-22 10:53:19,232 - acimigrate - CRITICAL - *************************
2015-12-22 10:53:19,233 - acimigrate - CRITICAL - acimigrate is starting
2015-12-22 10:53:19,233 - acimigrate - CRITICAL - *************************
2015-12-22 10:53:19,459 - acimigrate.forms - INFO - Loading Forms
2015-12-22 10:53:19,675 - acimigrate.tasks - INFO - Loading Tasks
2015-12-22 10:53:19,676 - acimigrate.views - INFO - Loading Views
2015-12-22 10:55:18,060 - acimigrate - CRITICAL - *************************
2015-12-22 10:55:18,060 - acimigrate - CRITICAL - acimigrate is starting
2015-12-22 10:55:18,061 - acimigrate - CRITICAL - *************************
2015-12-22 10:55:18,290 - acimigrate.forms - INFO - Loading Forms
2015-12-22 10:55:18,517 - acimigrate.tasks - INFO - Loading Tasks
2015-12-22 10:55:18,518 - acimigrate.views - INFO - Loading Views
2015-12-22 10:57:50,568 - acimigrate - CRITICAL - *************************
2015-12-22 10:57:50,569 - acimigrate - CRITICAL - acimigrate is starting
2015-12-22 10:57:50,569 - acimigrate - CRITICAL - *************************
2015-12-22 10:57:50,801 - acimigrate.forms - INFO - Loading Forms
2015-12-22 10:57:51,030 - acimigrate.tasks - INFO - Loading Tasks
2015-12-22 10:57:51,030 - acimigrate.views - INFO - Loading Views
2015-12-22 10:58:29,890 - acimigrate - CRITICAL - *************************
2015-12-22 10:58:29,891 - acimigrate - CRITICAL - acimigrate is starting
2015-12-22 10:58:29,891 - acimigrate - CRITICAL - *************************
2015-12-22 10:58:30,119 - acimigrate.forms - INFO - Loading Forms
2015-12-22 10:58:44,351 - acimigrate - CRITICAL - *************************
2015-12-22 10:58:44,352 - acimigrate - CRITICAL - acimigrate is starting
2015-12-22 10:58:44,352 - acimigrate - CRITICAL - *************************
2015-12-22 10:58:44,591 - acimigrate.forms - INFO - Loading Forms
2015-12-22 10:59:02,315 - acimigrate - CRITICAL - *************************
2015-12-22 10:59:02,316 - acimigrate - CRITICAL - acimigrate is starting
2015-12-22 10:59:02,316 - acimigrate - CRITICAL - *************************
2015-12-22 10:59:02,530 - acimigrate.forms - INFO - Loading Forms
2015-12-22 10:59:02,748 - acimigrate.tasks - INFO - Loading Tasks
2015-12-22 10:59:02,748 - acimigrate.views - INFO - Loading Views
2015-12-22 10:59:31,664 - acimigrate - CRITICAL - *************************
2015-12-22 10:59:31,665 - acimigrate - CRITICAL - acimigrate is starting
2015-12-22 10:59:31,665 - acimigrate - CRITICAL - *************************
2015-12-22 10:59:31,894 - acimigrate.forms - INFO - Loading Forms
2015-12-22 10:59:32,113 - acimigrate.tasks - INFO - Loading Tasks
2015-12-22 10:59:32,114 - acimigrate.views - INFO - Loading Views
2015-12-22 11:00:21,415 - acimigrate - CRITICAL - *************************
2015-12-22 11:00:21,416 - acimigrate - CRITICAL - acimigrate is starting
2015-12-22 11:00:21,416 - acimigrate - CRITICAL - *************************
2015-12-22 11:00:21,655 - acimigrate.forms - INFO - Loading Forms
2015-12-22 11:00:21,877 - acimigrate.tasks - INFO - Loading Tasks
2015-12-22 11:00:21,877 - acimigrate.views - INFO - Loading Views
2015-12-22 11:07:17,679 - acimigrate - CRITICAL - *************************
2015-12-22 11:07:17,680 - acimigrate - CRITICAL - acimigrate is starting
2015-12-22 11:07:17,681 - acimigrate - CRITICAL - *************************
2015-12-22 11:07:17,902 - acimigrate.forms - INFO - Loading Forms
2015-12-22 11:07:18,106 - acimigrate.tasks - INFO - Loading Tasks
2015-12-22 11:07:18,107 - acimigrate.views - INFO - Loading Views
2015-12-22 11:08:02,710 - acimigrate - CRITICAL - *************************
2015-12-22 11:08:02,711 - acimigrate - CRITICAL - acimigrate is starting
2015-12-22 11:08:02,711 - acimigrate - CRITICAL - *************************
2015-12-22 11:08:02,917 - acimigrate.forms - INFO - Loading Forms
2015-12-22 11:08:03,121 - acimigrate.tasks - INFO - Loading Tasks
2015-12-22 11:08:03,122 - acimigrate.views - INFO - Loading Views
2015-12-22 11:08:15,995 - acimigrate - CRITICAL - *************************
2015-12-22 11:08:15,996 - acimigrate - CRITICAL - acimigrate is starting
2015-12-22 11:08:15,996 - acimigrate - CRITICAL - *************************
2015-12-22 11:08:16,200 - acimigrate.forms - INFO - Loading Forms
2015-12-22 11:08:16,406 - acimigrate.tasks - INFO - Loading Tasks
2015-12-22 11:08:16,407 - acimigrate.views - INFO - Loading Views
2015-12-22 11:09:04,503 - acimigrate - CRITICAL - *************************
2015-12-22 11:09:04,503 - acimigrate - CRITICAL - acimigrate is starting
2015-12-22 11:09:04,504 - acimigrate - CRITICAL - *************************
2015-12-22 11:09:04,719 - acimigrate.forms - INFO - Loading Forms
2015-12-22 11:09:04,924 - acimigrate.tasks - INFO - Loading Tasks
2015-12-22 11:09:04,925 - acimigrate.views - INFO - Loading Views
2015-12-22 11:12:53,860 - acimigrate - CRITICAL - *************************
2015-12-22 11:12:53,860 - acimigrate - CRITICAL - acimigrate is starting
2015-12-22 11:12:53,861 - acimigrate - CRITICAL - *************************
2015-12-22 11:12:54,073 - acimigrate.forms - INFO - Loading Forms
2015-12-22 11:12:54,270 - acimigrate.tasks - INFO - Loading Tasks
2015-12-22 11:12:54,271 - acimigrate.views - INFO - Loading Views
2015-12-22 11:15:25,175 - acimigrate - CRITICAL - *************************
2015-12-22 11:15:25,175 - acimigrate - CRITICAL - acimigrate is starting
2015-12-22 11:15:25,175 - acimigrate - CRITICAL - *************************
2015-12-22 11:15:25,372 - acimigrate.forms - INFO - Loading Forms
2015-12-22 11:15:25,577 - acimigrate.tasks - INFO - Loading Tasks
2015-12-22 11:15:25,578 - acimigrate.views - INFO - Loading Views
2015-12-22 11:15:51,976 - acimigrate.tasks - INFO - Created EPG for vlan default
2015-12-22 11:15:52,172 - acimigrate.tasks - INFO - Created EPG for vlan 1k-vtep
2015-12-22 11:15:52,400 - acimigrate.tasks - INFO - Layer 3 migration for 1k-vtep vlan completed
2015-12-22 11:15:52,629 - acimigrate.tasks - INFO - Created EPG for vlan VLAN0123
2015-12-22 11:15:52,823 - acimigrate.tasks - INFO - Layer 3 migration for VLAN0123 vlan completed
2015-12-22 11:15:53,030 - acimigrate.tasks - INFO - Layer 3 migration for VLAN0123 vlan completed
2015-12-22 11:15:53,254 - acimigrate.tasks - INFO - Created EPG for vlan VLAN0999
2015-12-22 11:15:53,595 - acimigrate.tasks - INFO - Created EPG for vlan n1k-l3
2015-12-22 11:29:43,580 - acimigrate - CRITICAL - *************************
2015-12-22 11:29:43,580 - acimigrate - CRITICAL - acimigrate is starting
2015-12-22 11:29:43,580 - acimigrate - CRITICAL - *************************
2015-12-22 11:29:43,640 - acimigrate.forms - INFO - Loading Forms
2015-12-22 11:29:43,745 - acimigrate.tasks - INFO - Loading Tasks
2015-12-22 11:29:43,745 - acimigrate.views - INFO - Loading Views
2015-12-22 11:29:50,847 - acimigrate - CRITICAL - *************************
2015-12-22 11:29:50,848 - acimigrate - CRITICAL - acimigrate is starting
2015-12-22 11:29:50,848 - acimigrate - CRITICAL - *************************
2015-12-22 11:29:50,895 - acimigrate.forms - INFO - Loading Forms
2015-12-22 11:29:50,963 - acimigrate.tasks - INFO - Loading Tasks
2015-12-22 11:29:50,963 - acimigrate.views - INFO - Loading Views
2015-12-22 11:30:03,634 - acimigrate - CRITICAL - *************************
2015-12-22 11:30:03,634 - acimigrate - CRITICAL - acimigrate is starting
2015-12-22 11:30:03,634 - acimigrate - CRITICAL - *************************
2015-12-22 11:30:03,684 - acimigrate.forms - INFO - Loading Forms
2015-12-22 11:30:03,752 - acimigrate.tasks - INFO - Loading Tasks
2015-12-22 11:30:03,752 - acimigrate.views - INFO - Loading Views
2015-12-22 11:31:17,454 - acimigrate - CRITICAL - *************************
2015-12-22 11:31:17,455 - acimigrate - CRITICAL - acimigrate is starting
2015-12-22 11:31:17,455 - acimigrate - CRITICAL - *************************
2015-12-22 11:31:17,508 - acimigrate.forms - INFO - Loading Forms
2015-12-22 11:31:17,587 - acimigrate.tasks - INFO - Loading Tasks
2015-12-22 11:31:17,587 - acimigrate.views - INFO - Loading Views
2015-12-22 11:32:14,664 - acimigrate - CRITICAL - *************************
2015-12-22 11:32:14,664 - acimigrate - CRITICAL - acimigrate is starting
2015-12-22 11:32:14,664 - acimigrate - CRITICAL - *************************
2015-12-22 11:32:14,720 - acimigrate.forms - INFO - Loading Forms
2015-12-22 11:32:14,791 - acimigrate.tasks - INFO - Loading Tasks
2015-12-22 11:32:14,791 - acimigrate.views - INFO - Loading Views
2015-12-22 11:33:19,235 - acimigrate - CRITICAL - *************************
2015-12-22 11:33:19,235 - acimigrate - CRITICAL - acimigrate is starting
2015-12-22 11:33:19,235 - acimigrate - CRITICAL - *************************
2015-12-22 11:33:19,294 - acimigrate.forms - INFO - Loading Forms
2015-12-22 11:33:19,368 - acimigrate.tasks - INFO - Loading Tasks
2015-12-22 11:33:19,368 - acimigrate.views - INFO - Loading Views
2015-12-22 13:21:20,288 - acimigrate - CRITICAL - *************************
2015-12-22 13:21:20,288 - acimigrate - CRITICAL - acimigrate is starting
2015-12-22 13:21:20,288 - acimigrate - CRITICAL - *************************
2015-12-22 13:21:20,359 - acimigrate.forms - INFO - Loading Forms
2015-12-22 13:21:20,522 - acimigrate.tasks - INFO - Loading Tasks
2015-12-22 13:21:20,522 - acimigrate.views - INFO - Loading Views
2015-12-22 13:23:46,624 - acimigrate - CRITICAL - *************************
2015-12-22 13:23:46,624 - acimigrate - CRITICAL - acimigrate is starting
2015-12-22 13:23:46,624 - acimigrate - CRITICAL - *************************
2015-12-22 13:23:46,682 - acimigrate.forms - INFO - Loading Forms
2015-12-22 13:23:46,751 - acimigrate.tasks - INFO - Loading Tasks
2015-12-22 13:23:46,751 - acimigrate.views - INFO - Loading Views
2015-12-22 13:24:22,623 - acimigrate - CRITICAL - *************************
2015-12-22 13:24:22,623 - acimigrate - CRITICAL - acimigrate is starting
2015-12-22 13:24:22,623 - acimigrate - CRITICAL - *************************
2015-12-22 13:24:22,676 - acimigrate.forms - INFO - Loading Forms
2015-12-22 13:24:22,737 - acimigrate.tasks - INFO - Loading Tasks
2015-12-22 13:24:22,737 - acimigrate.views - INFO - Loading Views
2015-12-22 13:26:35,734 - acimigrate - CRITICAL - *************************
2015-12-22 13:26:35,734 - acimigrate - CRITICAL - acimigrate is starting
2015-12-22 13:26:35,734 - acimigrate - CRITICAL - *************************
2015-12-22 13:26:35,789 - acimigrate.forms - INFO - Loading Forms
2015-12-22 13:26:35,857 - acimigrate.tasks - INFO - Loading Tasks
2015-12-22 13:26:35,857 - acimigrate.views - INFO - Loading Views
2015-12-22 13:27:30,145 - acimigrate - CRITICAL - *************************
2015-12-22 13:27:30,145 - acimigrate - CRITICAL - acimigrate is starting
2015-12-22 13:27:30,145 - acimigrate - CRITICAL - *************************
2015-12-22 13:27:30,203 - acimigrate.forms - INFO - Loading Forms
2015-12-22 13:27:30,281 - acimigrate.tasks - INFO - Loading Tasks
2015-12-22 13:27:30,281 - acimigrate.views - INFO - Loading Views
2015-12-22 13:43:51,476 - acimigrate - CRITICAL - *************************
2015-12-22 13:43:51,477 - acimigrate - CRITICAL - acimigrate is starting
2015-12-22 13:43:51,477 - acimigrate - CRITICAL - *************************
2015-12-22 13:43:51,524 - acimigrate.forms - INFO - Loading Forms
2015-12-22 13:44:08,287 - acimigrate - CRITICAL - *************************
2015-12-22 13:44:08,287 - acimigrate - CRITICAL - acimigrate is starting
2015-12-22 13:44:08,287 - acimigrate - CRITICAL - *************************
2015-12-22 13:44:08,343 - acimigrate.forms - INFO - Loading Forms
2015-12-22 13:44:41,182 - acimigrate - CRITICAL - *************************
2015-12-22 13:44:41,182 - acimigrate - CRITICAL - acimigrate is starting
2015-12-22 13:44:41,182 - acimigrate - CRITICAL - *************************
2015-12-22 13:44:41,233 - acimigrate.forms - INFO - Loading Forms
2015-12-22 13:44:41,305 - acimigrate.tasks - INFO - Loading Tasks
2015-12-22 13:44:41,305 - acimigrate.views - INFO - Loading Views
2015-12-22 13:44:53,958 - acimigrate - CRITICAL - *************************
2015-12-22 13:44:53,958 - acimigrate - CRITICAL - acimigrate is starting
2015-12-22 13:44:53,958 - acimigrate - CRITICAL - *************************
2015-12-22 13:44:54,006 - acimigrate.forms - INFO - Loading Forms
2015-12-22 13:44:54,073 - acimigrate.tasks - INFO - Loading Tasks
2015-12-22 13:44:54,073 - acimigrate.views - INFO - Loading Views
2015-12-22 13:45:36,706 - acimigrate - CRITICAL - *************************
2015-12-22 13:45:36,706 - acimigrate - CRITICAL - acimigrate is starting
2015-12-22 13:45:36,707 - acimigrate - CRITICAL - *************************
2015-12-22 13:45:36,913 - acimigrate.forms - INFO - Loading Forms
2015-12-22 13:45:37,104 - acimigrate.tasks - INFO - Loading Tasks
2015-12-22 13:45:37,105 - acimigrate.views - INFO - Loading Views
2015-12-22 13:48:42,412 - acimigrate - CRITICAL - *************************
2015-12-22 13:48:42,413 - acimigrate - CRITICAL - acimigrate is starting
2015-12-22 13:48:42,414 - acimigrate - CRITICAL - *************************
2015-12-22 13:48:42,630 - acimigrate.forms - INFO - Loading Forms
2015-12-22 13:48:42,831 - acimigrate.tasks - INFO - Loading Tasks
2015-12-22 13:48:42,832 - acimigrate.views - INFO - Loading Views
2015-12-22 13:58:32,838 - acimigrate - CRITICAL - *************************
2015-12-22 13:58:32,839 - acimigrate - CRITICAL - acimigrate is starting
2015-12-22 13:58:32,839 - acimigrate - CRITICAL - *************************
2015-12-22 13:58:33,052 - acimigrate.forms - INFO - Loading Forms
2015-12-22 13:58:33,250 - acimigrate.tasks - INFO - Loading Tasks
2015-12-22 13:58:33,250 - acimigrate.views - INFO - Loading Views
2015-12-22 14:00:35,543 - acimigrate - CRITICAL - *************************
2015-12-22 14:00:35,544 - acimigrate - CRITICAL - acimigrate is starting
2015-12-22 14:00:35,544 - acimigrate - CRITICAL - *************************
2015-12-22 14:00:35,755 - acimigrate.forms - INFO - Loading Forms
2015-12-22 14:00:35,963 - acimigrate.tasks - INFO - Loading Tasks
2015-12-22 14:00:35,964 - acimigrate.views - INFO - Loading Views
2015-12-22 14:00:40,479 - acimigrate - CRITICAL - *************************
2015-12-22 14:00:40,480 - acimigrate - CRITICAL - acimigrate is starting
2015-12-22 14:00:40,480 - acimigrate - CRITICAL - *************************
2015-12-22 14:00:40,702 - acimigrate.forms - INFO - Loading Forms
2015-12-22 14:00:40,886 - acimigrate.tasks - INFO - Loading Tasks
2015-12-22 14:00:40,886 - acimigrate.views - INFO - Loading Views
2015-12-22 14:02:10,107 - acimigrate - CRITICAL - *************************
2015-12-22 14:02:10,107 - acimigrate - CRITICAL - acimigrate is starting
2015-12-22 14:02:10,108 - acimigrate - CRITICAL - *************************
2015-12-22 14:02:10,316 - acimigrate.forms - INFO - Loading Forms
2015-12-22 14:02:10,513 - acimigrate.tasks - INFO - Loading Tasks
2015-12-22 14:02:10,514 - acimigrate.views - INFO - Loading Views
2015-12-22 14:02:16,786 - acimigrate - CRITICAL - *************************
2015-12-22 14:02:16,787 - acimigrate - CRITICAL - acimigrate is starting
2015-12-22 14:02:16,787 - acimigrate - CRITICAL - *************************
2015-12-22 14:02:16,984 - acimigrate.forms - INFO - Loading Forms
2015-12-22 14:02:17,191 - acimigrate.tasks - INFO - Loading Tasks
2015-12-22 14:02:17,191 - acimigrate.views - INFO - Loading Views
2015-12-22 14:03:32,598 - acimigrate - CRITICAL - *************************
2015-12-22 14:03:32,598 - acimigrate - CRITICAL - acimigrate is starting
2015-12-22 14:03:32,599 - acimigrate - CRITICAL - *************************
2015-12-22 14:03:32,821 - acimigrate.forms - INFO - Loading Forms
2015-12-22 14:03:33,033 - acimigrate.tasks - INFO - Loading Tasks
2015-12-22 14:03:33,033 - acimigrate.views - INFO - Loading Views
2015-12-22 14:04:34,937 - acimigrate - CRITICAL - *************************
2015-12-22 14:04:34,938 - acimigrate - CRITICAL - acimigrate is starting
2015-12-22 14:04:34,938 - acimigrate - CRITICAL - *************************
2015-12-22 14:04:35,151 - acimigrate.forms - INFO - Loading Forms
2015-12-22 14:04:35,399 - acimigrate.tasks - INFO - Loading Tasks
2015-12-22 14:04:35,400 - acimigrate.views - INFO - Loading Views
2015-12-22 14:06:46,246 - acimigrate - CRITICAL - *************************
2015-12-22 14:06:46,247 - acimigrate - CRITICAL - acimigrate is starting
2015-12-22 14:06:46,247 - acimigrate - CRITICAL - *************************
2015-12-22 14:06:46,455 - acimigrate.forms - INFO - Loading Forms
2015-12-22 14:06:46,661 - acimigrate.tasks - INFO - Loading Tasks
2015-12-22 14:06:46,661 - acimigrate.views - INFO - Loading Views
2015-12-22 14:07:02,988 - acimigrate - CRITICAL - *************************
2015-12-22 14:07:02,989 - acimigrate - CRITICAL - acimigrate is starting
2015-12-22 14:07:02,989 - acimigrate - CRITICAL - *************************
2015-12-22 14:07:03,215 - acimigrate.forms - INFO - Loading Forms
2015-12-22 14:07:03,422 - acimigrate.tasks - INFO - Loading Tasks
2015-12-22 14:07:03,423 - acimigrate.views - INFO - Loading Views
2015-12-22 14:09:39,764 - acimigrate - CRITICAL - *************************
2015-12-22 14:09:39,764 - acimigrate - CRITICAL - acimigrate is starting
2015-12-22 14:09:39,764 - acimigrate - CRITICAL - *************************
2015-12-22 14:09:39,964 - acimigrate.forms - INFO - Loading Forms
2015-12-22 14:09:40,190 - acimigrate.tasks - INFO - Loading Tasks
2015-12-22 14:09:40,190 - acimigrate.views - INFO - Loading Views
2015-12-22 14:10:57,972 - acimigrate - CRITICAL - *************************
2015-12-22 14:10:57,972 - acimigrate - CRITICAL - acimigrate is starting
2015-12-22 14:10:57,973 - acimigrate - CRITICAL - *************************
2015-12-22 14:10:58,176 - acimigrate.forms - INFO - Loading Forms
2015-12-22 14:10:58,370 - acimigrate.tasks - INFO - Loading Tasks
2015-12-22 14:10:58,371 - acimigrate.views - INFO - Loading Views
2015-12-22 14:11:47,082 - acimigrate - CRITICAL - *************************
2015-12-22 14:11:47,082 - acimigrate - CRITICAL - acimigrate is starting
2015-12-22 14:11:47,083 - acimigrate - CRITICAL - *************************
2015-12-22 14:11:47,302 - acimigrate.forms - INFO - Loading Forms
2015-12-22 14:11:47,516 - acimigrate.tasks - INFO - Loading Tasks
2015-12-22 14:11:47,517 - acimigrate.views - INFO - Loading Views
2015-12-22 14:18:35,514 - acimigrate - CRITICAL - *************************
2015-12-22 14:18:35,515 - acimigrate - CRITICAL - acimigrate is starting
2015-12-22 14:18:35,515 - acimigrate - CRITICAL - *************************
2015-12-22 14:18:35,757 - acimigrate.forms - INFO - Loading Forms
2015-12-22 14:18:36,087 - acimigrate.tasks - INFO - Loading Tasks
2015-12-22 14:18:36,087 - acimigrate.views - INFO - Loading Views
2015-12-22 14:19:16,734 - acimigrate - CRITICAL - *************************
2015-12-22 14:19:16,734 - acimigrate - CRITICAL - acimigrate is starting
2015-12-22 14:19:16,735 - acimigrate - CRITICAL - *************************
2015-12-22 14:19:16,947 - acimigrate.forms - INFO - Loading Forms
2015-12-22 14:19:17,147 - acimigrate.tasks - INFO - Loading Tasks
2015-12-22 14:19:17,147 - acimigrate.views - INFO - Loading Views
