2015-10-08 08:47:21,988 - acimigrate - CRITICAL - *************************
2015-10-08 08:47:21,989 - acimigrate - CRITICAL - aciwebtools is starting
2015-10-08 08:47:21,989 - acimigrate - CRITICAL - *************************
2015-10-08 08:47:22,016 - acimigrate.forms - INFO - Loading Forms
2015-10-08 08:51:46,537 - acimigrate - CRITICAL - *************************
2015-10-08 08:51:46,537 - acimigrate - CRITICAL - aciwebtools is starting
2015-10-08 08:51:46,537 - acimigrate - CRITICAL - *************************
2015-10-08 08:51:46,545 - acimigrate.forms - INFO - Loading Forms
2015-10-08 08:51:46,669 - acimigrate - CRITICAL - *************************
2015-10-08 08:51:46,669 - acimigrate - CRITICAL - aciwebtools is starting
2015-10-08 08:51:46,669 - acimigrate - CRITICAL - *************************
2015-10-08 08:51:46,676 - acimigrate.forms - INFO - Loading Forms
2015-10-08 08:54:20,623 - acimigrate - CRITICAL - *************************
2015-10-08 08:54:20,623 - acimigrate - CRITICAL - aciwebtools is starting
2015-10-08 08:54:20,623 - acimigrate - CRITICAL - *************************
2015-10-08 08:54:20,634 - acimigrate.forms - INFO - Loading Forms
2015-10-08 08:54:20,815 - acimigrate - CRITICAL - *************************
2015-10-08 08:54:20,815 - acimigrate - CRITICAL - aciwebtools is starting
2015-10-08 08:54:20,815 - acimigrate - CRITICAL - *************************
2015-10-08 08:54:20,822 - acimigrate.forms - INFO - Loading Forms
2015-10-08 08:54:48,792 - acimigrate - CRITICAL - *************************
2015-10-08 08:54:48,792 - acimigrate - CRITICAL - aciwebtools is starting
2015-10-08 08:54:48,793 - acimigrate - CRITICAL - *************************
2015-10-08 08:54:48,802 - acimigrate.forms - INFO - Loading Forms
2015-10-08 08:54:48,977 - acimigrate - CRITICAL - *************************
2015-10-08 08:54:48,977 - acimigrate - CRITICAL - aciwebtools is starting
2015-10-08 08:54:48,977 - acimigrate - CRITICAL - *************************
2015-10-08 08:54:48,985 - acimigrate.forms - INFO - Loading Forms
2015-10-08 08:56:03,782 - acimigrate - CRITICAL - *************************
2015-10-08 08:56:03,782 - acimigrate - CRITICAL - aciwebtools is starting
2015-10-08 08:56:03,782 - acimigrate - CRITICAL - *************************
2015-10-08 08:56:03,790 - acimigrate.forms - INFO - Loading Forms
2015-10-08 09:07:25,628 - acimigrate - CRITICAL - *************************
2015-10-08 09:07:25,628 - acimigrate - CRITICAL - aciwebtools is starting
2015-10-08 09:07:25,628 - acimigrate - CRITICAL - *************************
2015-10-08 09:07:25,637 - acimigrate.forms - INFO - Loading Forms
2015-10-08 09:07:25,829 - acimigrate - CRITICAL - *************************
2015-10-08 09:07:25,829 - acimigrate - CRITICAL - aciwebtools is starting
2015-10-08 09:07:25,829 - acimigrate - CRITICAL - *************************
2015-10-08 09:07:25,838 - acimigrate.forms - INFO - Loading Forms
2015-10-08 09:10:56,673 - acimigrate - CRITICAL - *************************
2015-10-08 09:10:56,673 - acimigrate - CRITICAL - aciwebtools is starting
2015-10-08 09:10:56,673 - acimigrate - CRITICAL - *************************
2015-10-08 09:10:56,684 - acimigrate.forms - INFO - Loading Forms
2015-10-08 09:11:26,364 - acimigrate - CRITICAL - *************************
2015-10-08 09:11:26,364 - acimigrate - CRITICAL - aciwebtools is starting
2015-10-08 09:11:26,364 - acimigrate - CRITICAL - *************************
2015-10-08 09:11:26,371 - acimigrate.forms - INFO - Loading Forms
2015-10-08 09:11:26,546 - acimigrate - CRITICAL - *************************
2015-10-08 09:11:26,546 - acimigrate - CRITICAL - aciwebtools is starting
2015-10-08 09:11:26,546 - acimigrate - CRITICAL - *************************
2015-10-08 09:11:26,554 - acimigrate.forms - INFO - Loading Forms
2015-10-08 09:12:52,630 - acimigrate - CRITICAL - *************************
2015-10-08 09:12:52,630 - acimigrate - CRITICAL - aciwebtools is starting
2015-10-08 09:12:52,631 - acimigrate - CRITICAL - *************************
2015-10-08 09:12:52,640 - acimigrate.forms - INFO - Loading Forms
2015-10-08 09:12:52,812 - acimigrate - CRITICAL - *************************
2015-10-08 09:12:52,813 - acimigrate - CRITICAL - aciwebtools is starting
2015-10-08 09:12:52,813 - acimigrate - CRITICAL - *************************
2015-10-08 09:12:52,820 - acimigrate.forms - INFO - Loading Forms
2015-10-08 09:14:52,783 - acimigrate - CRITICAL - *************************
2015-10-08 09:14:52,783 - acimigrate - CRITICAL - aciwebtools is starting
2015-10-08 09:14:52,783 - acimigrate - CRITICAL - *************************
2015-10-08 09:14:52,792 - acimigrate.forms - INFO - Loading Forms
2015-10-08 09:14:52,962 - acimigrate - CRITICAL - *************************
2015-10-08 09:14:52,962 - acimigrate - CRITICAL - aciwebtools is starting
2015-10-08 09:14:52,962 - acimigrate - CRITICAL - *************************
2015-10-08 09:14:52,971 - acimigrate.forms - INFO - Loading Forms
2015-10-08 09:18:43,009 - acimigrate - CRITICAL - *************************
2015-10-08 09:18:43,009 - acimigrate - CRITICAL - aciwebtools is starting
2015-10-08 09:18:43,009 - acimigrate - CRITICAL - *************************
2015-10-08 09:18:43,019 - acimigrate.forms - INFO - Loading Forms
2015-10-08 09:20:17,250 - acimigrate - CRITICAL - *************************
2015-10-08 09:20:17,250 - acimigrate - CRITICAL - aciwebtools is starting
2015-10-08 09:20:17,250 - acimigrate - CRITICAL - *************************
2015-10-08 09:20:17,259 - acimigrate.forms - INFO - Loading Forms
2015-10-08 09:20:17,555 - acimigrate - CRITICAL - *************************
2015-10-08 09:20:17,555 - acimigrate - CRITICAL - aciwebtools is starting
2015-10-08 09:20:17,555 - acimigrate - CRITICAL - *************************
2015-10-08 09:20:17,564 - acimigrate.forms - INFO - Loading Forms
2015-10-08 09:23:53,058 - acimigrate - CRITICAL - *************************
2015-10-08 09:23:53,058 - acimigrate - CRITICAL - aciwebtools is starting
2015-10-08 09:23:53,058 - acimigrate - CRITICAL - *************************
2015-10-08 09:23:53,067 - acimigrate.forms - INFO - Loading Forms
2015-10-08 09:23:53,302 - acimigrate - CRITICAL - *************************
2015-10-08 09:23:53,302 - acimigrate - CRITICAL - aciwebtools is starting
2015-10-08 09:23:53,302 - acimigrate - CRITICAL - *************************
2015-10-08 09:23:53,309 - acimigrate.forms - INFO - Loading Forms
2015-10-08 09:26:09,930 - acimigrate - CRITICAL - *************************
2015-10-08 09:26:09,931 - acimigrate - CRITICAL - aciwebtools is starting
2015-10-08 09:26:09,931 - acimigrate - CRITICAL - *************************
2015-10-08 09:26:09,938 - acimigrate.forms - INFO - Loading Forms
2015-10-08 09:26:10,144 - acimigrate - CRITICAL - *************************
2015-10-08 09:26:10,144 - acimigrate - CRITICAL - aciwebtools is starting
2015-10-08 09:26:10,144 - acimigrate - CRITICAL - *************************
2015-10-08 09:26:10,151 - acimigrate.forms - INFO - Loading Forms
2015-10-08 09:32:20,765 - acimigrate - CRITICAL - *************************
2015-10-08 09:32:20,765 - acimigrate - CRITICAL - aciwebtools is starting
2015-10-08 09:32:20,765 - acimigrate - CRITICAL - *************************
2015-10-08 09:32:20,773 - acimigrate.forms - INFO - Loading Forms
2015-10-08 09:32:20,993 - acimigrate - CRITICAL - *************************
2015-10-08 09:32:20,993 - acimigrate - CRITICAL - aciwebtools is starting
2015-10-08 09:32:20,993 - acimigrate - CRITICAL - *************************
2015-10-08 09:32:21,004 - acimigrate.forms - INFO - Loading Forms
2015-10-08 09:33:35,246 - acimigrate - CRITICAL - *************************
2015-10-08 09:33:35,247 - acimigrate - CRITICAL - aciwebtools is starting
2015-10-08 09:33:35,247 - acimigrate - CRITICAL - *************************
2015-10-08 09:33:35,254 - acimigrate.forms - INFO - Loading Forms
2015-10-08 09:33:35,465 - acimigrate - CRITICAL - *************************
2015-10-08 09:33:35,466 - acimigrate - CRITICAL - aciwebtools is starting
2015-10-08 09:33:35,466 - acimigrate - CRITICAL - *************************
2015-10-08 09:33:35,473 - acimigrate.forms - INFO - Loading Forms
2015-10-08 09:54:33,759 - acimigrate - CRITICAL - *************************
2015-10-08 09:54:33,759 - acimigrate - CRITICAL - aciwebtools is starting
2015-10-08 09:54:33,759 - acimigrate - CRITICAL - *************************
2015-10-08 09:54:33,767 - acimigrate.forms - INFO - Loading Forms
2015-10-08 09:54:40,418 - acimigrate - CRITICAL - *************************
2015-10-08 09:54:40,418 - acimigrate - CRITICAL - aciwebtools is starting
2015-10-08 09:54:40,418 - acimigrate - CRITICAL - *************************
2015-10-08 09:54:40,426 - acimigrate.forms - INFO - Loading Forms
2015-10-08 09:54:40,630 - acimigrate - CRITICAL - *************************
2015-10-08 09:54:40,630 - acimigrate - CRITICAL - aciwebtools is starting
2015-10-08 09:54:40,630 - acimigrate - CRITICAL - *************************
2015-10-08 09:54:40,638 - acimigrate.forms - INFO - Loading Forms
2015-10-08 10:07:17,851 - acimigrate - CRITICAL - *************************
2015-10-08 10:07:17,851 - acimigrate - CRITICAL - aciwebtools is starting
2015-10-08 10:07:17,851 - acimigrate - CRITICAL - *************************
2015-10-08 10:07:17,861 - acimigrate.forms - INFO - Loading Forms
2015-10-08 10:07:18,110 - acimigrate - CRITICAL - *************************
2015-10-08 10:07:18,110 - acimigrate - CRITICAL - aciwebtools is starting
2015-10-08 10:07:18,110 - acimigrate - CRITICAL - *************************
2015-10-08 10:07:18,119 - acimigrate.forms - INFO - Loading Forms
2015-10-08 10:07:22,398 - acimigrate - CRITICAL - *************************
2015-10-08 10:07:22,398 - acimigrate - CRITICAL - aciwebtools is starting
2015-10-08 10:07:22,398 - acimigrate - CRITICAL - *************************
2015-10-08 10:07:22,406 - acimigrate.forms - INFO - Loading Forms
2015-10-08 10:09:27,462 - acimigrate - CRITICAL - *************************
2015-10-08 10:09:27,462 - acimigrate - CRITICAL - aciwebtools is starting
2015-10-08 10:09:27,462 - acimigrate - CRITICAL - *************************
2015-10-08 10:09:27,470 - acimigrate.forms - INFO - Loading Forms
2015-10-08 10:09:27,681 - acimigrate - CRITICAL - *************************
2015-10-08 10:09:27,681 - acimigrate - CRITICAL - aciwebtools is starting
2015-10-08 10:09:27,682 - acimigrate - CRITICAL - *************************
2015-10-08 10:09:27,689 - acimigrate.forms - INFO - Loading Forms
2015-10-08 10:10:26,304 - acimigrate - CRITICAL - *************************
2015-10-08 10:10:26,304 - acimigrate - CRITICAL - aciwebtools is starting
2015-10-08 10:10:26,305 - acimigrate - CRITICAL - *************************
2015-10-08 10:10:26,315 - acimigrate.forms - INFO - Loading Forms
2015-10-08 10:10:26,520 - acimigrate - CRITICAL - *************************
2015-10-08 10:10:26,520 - acimigrate - CRITICAL - aciwebtools is starting
2015-10-08 10:10:26,520 - acimigrate - CRITICAL - *************************
2015-10-08 10:10:26,527 - acimigrate.forms - INFO - Loading Forms
2015-10-08 10:11:30,404 - acimigrate - CRITICAL - *************************
2015-10-08 10:11:30,404 - acimigrate - CRITICAL - aciwebtools is starting
2015-10-08 10:11:30,404 - acimigrate - CRITICAL - *************************
2015-10-08 10:11:30,414 - acimigrate.forms - INFO - Loading Forms
2015-10-08 10:17:18,621 - acimigrate - CRITICAL - *************************
2015-10-08 10:17:18,621 - acimigrate - CRITICAL - aciwebtools is starting
2015-10-08 10:17:18,621 - acimigrate - CRITICAL - *************************
2015-10-08 10:17:18,630 - acimigrate.forms - INFO - Loading Forms
2015-10-08 10:17:18,848 - acimigrate - CRITICAL - *************************
2015-10-08 10:17:18,848 - acimigrate - CRITICAL - aciwebtools is starting
2015-10-08 10:17:18,849 - acimigrate - CRITICAL - *************************
2015-10-08 10:17:18,855 - acimigrate.forms - INFO - Loading Forms
2015-10-08 10:19:36,304 - acimigrate - CRITICAL - *************************
2015-10-08 10:19:36,304 - acimigrate - CRITICAL - aciwebtools is starting
2015-10-08 10:19:36,304 - acimigrate - CRITICAL - *************************
2015-10-08 10:19:36,311 - acimigrate.forms - INFO - Loading Forms
2015-10-08 10:19:36,514 - acimigrate - CRITICAL - *************************
2015-10-08 10:19:36,514 - acimigrate - CRITICAL - aciwebtools is starting
2015-10-08 10:19:36,514 - acimigrate - CRITICAL - *************************
2015-10-08 10:19:36,521 - acimigrate.forms - INFO - Loading Forms
2015-10-08 10:24:55,936 - acimigrate - CRITICAL - *************************
2015-10-08 10:24:55,936 - acimigrate - CRITICAL - aciwebtools is starting
2015-10-08 10:24:55,936 - acimigrate - CRITICAL - *************************
2015-10-08 10:24:55,941 - acimigrate.forms - INFO - Loading Forms
2015-10-08 10:24:56,156 - acimigrate - CRITICAL - *************************
2015-10-08 10:24:56,156 - acimigrate - CRITICAL - aciwebtools is starting
2015-10-08 10:24:56,156 - acimigrate - CRITICAL - *************************
2015-10-08 10:24:56,160 - acimigrate.forms - INFO - Loading Forms
2015-10-08 10:26:29,467 - acimigrate - CRITICAL - *************************
2015-10-08 10:26:29,468 - acimigrate - CRITICAL - aciwebtools is starting
2015-10-08 10:26:29,468 - acimigrate - CRITICAL - *************************
2015-10-08 10:26:29,472 - acimigrate.forms - INFO - Loading Forms
2015-10-08 10:26:29,694 - acimigrate - CRITICAL - *************************
2015-10-08 10:26:29,695 - acimigrate - CRITICAL - aciwebtools is starting
2015-10-08 10:26:29,695 - acimigrate - CRITICAL - *************************
2015-10-08 10:26:29,699 - acimigrate.forms - INFO - Loading Forms
2015-10-08 10:30:12,670 - acimigrate - CRITICAL - *************************
2015-10-08 10:30:12,671 - acimigrate - CRITICAL - aciwebtools is starting
2015-10-08 10:30:12,671 - acimigrate - CRITICAL - *************************
2015-10-08 10:30:12,675 - acimigrate.forms - INFO - Loading Forms
2015-10-08 10:30:12,921 - acimigrate - CRITICAL - *************************
2015-10-08 10:30:12,921 - acimigrate - CRITICAL - aciwebtools is starting
2015-10-08 10:30:12,921 - acimigrate - CRITICAL - *************************
2015-10-08 10:30:12,925 - acimigrate.forms - INFO - Loading Forms
2015-10-08 10:34:22,551 - acimigrate - CRITICAL - *************************
2015-10-08 10:34:22,551 - acimigrate - CRITICAL - aciwebtools is starting
2015-10-08 10:34:22,551 - acimigrate - CRITICAL - *************************
2015-10-08 10:34:22,556 - acimigrate.forms - INFO - Loading Forms
2015-10-08 10:38:55,767 - acimigrate - CRITICAL - *************************
2015-10-08 10:38:55,767 - acimigrate - CRITICAL - aciwebtools is starting
2015-10-08 10:38:55,767 - acimigrate - CRITICAL - *************************
2015-10-08 10:38:55,776 - acimigrate.forms - INFO - Loading Forms
2015-10-08 10:38:56,123 - acimigrate - CRITICAL - *************************
2015-10-08 10:38:56,123 - acimigrate - CRITICAL - aciwebtools is starting
2015-10-08 10:38:56,124 - acimigrate - CRITICAL - *************************
2015-10-08 10:38:56,128 - acimigrate.forms - INFO - Loading Forms
2015-10-08 10:42:00,907 - acimigrate - CRITICAL - *************************
2015-10-08 10:42:00,907 - acimigrate - CRITICAL - aciwebtools is starting
2015-10-08 10:42:00,907 - acimigrate - CRITICAL - *************************
2015-10-08 10:42:00,912 - acimigrate.forms - INFO - Loading Forms
2015-10-08 10:42:01,138 - acimigrate - CRITICAL - *************************
2015-10-08 10:42:01,138 - acimigrate - CRITICAL - aciwebtools is starting
2015-10-08 10:42:01,139 - acimigrate - CRITICAL - *************************
2015-10-08 10:42:01,144 - acimigrate.forms - INFO - Loading Forms
2015-10-08 10:45:53,007 - acimigrate - CRITICAL - *************************
2015-10-08 10:45:53,007 - acimigrate - CRITICAL - aciwebtools is starting
2015-10-08 10:45:53,007 - acimigrate - CRITICAL - *************************
2015-10-08 10:45:53,012 - acimigrate.forms - INFO - Loading Forms
2015-10-08 10:46:13,485 - acimigrate - CRITICAL - *************************
2015-10-08 10:46:13,486 - acimigrate - CRITICAL - aciwebtools is starting
2015-10-08 10:46:13,486 - acimigrate - CRITICAL - *************************
2015-10-08 10:46:13,491 - acimigrate.forms - INFO - Loading Forms
2015-10-08 10:46:13,711 - acimigrate - CRITICAL - *************************
2015-10-08 10:46:13,712 - acimigrate - CRITICAL - aciwebtools is starting
2015-10-08 10:46:13,712 - acimigrate - CRITICAL - *************************
2015-10-08 10:46:13,716 - acimigrate.forms - INFO - Loading Forms
2015-10-08 10:47:34,218 - acimigrate - CRITICAL - *************************
2015-10-08 10:47:34,218 - acimigrate - CRITICAL - aciwebtools is starting
2015-10-08 10:47:34,219 - acimigrate - CRITICAL - *************************
2015-10-08 10:47:34,223 - acimigrate.forms - INFO - Loading Forms
2015-10-08 10:47:34,442 - acimigrate - CRITICAL - *************************
2015-10-08 10:47:34,442 - acimigrate - CRITICAL - aciwebtools is starting
2015-10-08 10:47:34,442 - acimigrate - CRITICAL - *************************
2015-10-08 10:47:34,446 - acimigrate.forms - INFO - Loading Forms
2015-10-08 10:48:53,245 - acimigrate - CRITICAL - *************************
2015-10-08 10:48:53,246 - acimigrate - CRITICAL - aciwebtools is starting
2015-10-08 10:48:53,246 - acimigrate - CRITICAL - *************************
2015-10-08 10:48:53,250 - acimigrate.forms - INFO - Loading Forms
2015-10-08 10:48:53,457 - acimigrate - CRITICAL - *************************
2015-10-08 10:48:53,457 - acimigrate - CRITICAL - aciwebtools is starting
2015-10-08 10:48:53,457 - acimigrate - CRITICAL - *************************
2015-10-08 10:48:53,461 - acimigrate.forms - INFO - Loading Forms
2015-10-08 10:50:28,624 - acimigrate - CRITICAL - *************************
2015-10-08 10:50:28,624 - acimigrate - CRITICAL - aciwebtools is starting
2015-10-08 10:50:28,624 - acimigrate - CRITICAL - *************************
2015-10-08 10:50:28,630 - acimigrate.forms - INFO - Loading Forms
2015-10-08 10:50:28,851 - acimigrate - CRITICAL - *************************
2015-10-08 10:50:28,851 - acimigrate - CRITICAL - aciwebtools is starting
2015-10-08 10:50:28,851 - acimigrate - CRITICAL - *************************
2015-10-08 10:50:28,855 - acimigrate.forms - INFO - Loading Forms
2015-10-08 10:54:50,994 - acimigrate - CRITICAL - *************************
2015-10-08 10:54:50,994 - acimigrate - CRITICAL - aciwebtools is starting
2015-10-08 10:54:50,994 - acimigrate - CRITICAL - *************************
2015-10-08 10:54:51,000 - acimigrate.forms - INFO - Loading Forms
2015-10-08 10:54:51,221 - acimigrate - CRITICAL - *************************
2015-10-08 10:54:51,222 - acimigrate - CRITICAL - aciwebtools is starting
2015-10-08 10:54:51,222 - acimigrate - CRITICAL - *************************
2015-10-08 10:54:51,226 - acimigrate.forms - INFO - Loading Forms
2015-10-08 10:56:50,589 - acimigrate - CRITICAL - *************************
2015-10-08 10:56:50,589 - acimigrate - CRITICAL - aciwebtools is starting
2015-10-08 10:56:50,589 - acimigrate - CRITICAL - *************************
2015-10-08 10:56:50,594 - acimigrate.forms - INFO - Loading Forms
2015-10-08 10:56:50,810 - acimigrate - CRITICAL - *************************
2015-10-08 10:56:50,810 - acimigrate - CRITICAL - aciwebtools is starting
2015-10-08 10:56:50,810 - acimigrate - CRITICAL - *************************
2015-10-08 10:56:50,815 - acimigrate.forms - INFO - Loading Forms
2015-10-08 11:00:03,336 - acimigrate - CRITICAL - *************************
2015-10-08 11:00:03,336 - acimigrate - CRITICAL - aciwebtools is starting
2015-10-08 11:00:03,337 - acimigrate - CRITICAL - *************************
2015-10-08 11:00:03,342 - acimigrate.forms - INFO - Loading Forms
2015-10-08 11:00:03,557 - acimigrate - CRITICAL - *************************
2015-10-08 11:00:03,557 - acimigrate - CRITICAL - aciwebtools is starting
2015-10-08 11:00:03,557 - acimigrate - CRITICAL - *************************
2015-10-08 11:00:03,561 - acimigrate.forms - INFO - Loading Forms
2015-10-08 11:05:06,742 - acimigrate - CRITICAL - *************************
2015-10-08 11:05:06,742 - acimigrate - CRITICAL - aciwebtools is starting
2015-10-08 11:05:06,742 - acimigrate - CRITICAL - *************************
2015-10-08 11:05:06,748 - acimigrate.forms - INFO - Loading Forms
2015-10-08 11:43:21,507 - acimigrate - CRITICAL - *************************
2015-10-08 11:43:21,507 - acimigrate - CRITICAL - aciwebtools is starting
2015-10-08 11:43:21,507 - acimigrate - CRITICAL - *************************
2015-10-08 11:43:26,045 - acimigrate - CRITICAL - *************************
2015-10-08 11:43:26,045 - acimigrate - CRITICAL - aciwebtools is starting
2015-10-08 11:43:26,045 - acimigrate - CRITICAL - *************************
2015-10-08 11:43:26,052 - acimigrate.forms - INFO - Loading Forms
2015-10-08 11:43:26,275 - acimigrate - CRITICAL - *************************
2015-10-08 11:43:26,275 - acimigrate - CRITICAL - aciwebtools is starting
2015-10-08 11:43:26,275 - acimigrate - CRITICAL - *************************
2015-10-08 11:43:26,279 - acimigrate.forms - INFO - Loading Forms
2015-10-08 11:44:36,832 - acimigrate - CRITICAL - *************************
2015-10-08 11:44:36,832 - acimigrate - CRITICAL - aciwebtools is starting
2015-10-08 11:44:36,832 - acimigrate - CRITICAL - *************************
2015-10-08 11:44:36,837 - acimigrate.forms - INFO - Loading Forms
2015-10-08 11:44:37,106 - acimigrate - CRITICAL - *************************
2015-10-08 11:44:37,106 - acimigrate - CRITICAL - aciwebtools is starting
2015-10-08 11:44:37,106 - acimigrate - CRITICAL - *************************
2015-10-08 11:44:37,112 - acimigrate.forms - INFO - Loading Forms
2015-10-08 11:49:39,180 - acimigrate - CRITICAL - *************************
2015-10-08 11:49:39,180 - acimigrate - CRITICAL - aciwebtools is starting
2015-10-08 11:49:39,180 - acimigrate - CRITICAL - *************************
2015-10-08 11:49:39,185 - acimigrate.forms - INFO - Loading Forms
2015-10-08 11:49:39,404 - acimigrate - CRITICAL - *************************
2015-10-08 11:49:39,405 - acimigrate - CRITICAL - aciwebtools is starting
2015-10-08 11:49:39,405 - acimigrate - CRITICAL - *************************
2015-10-08 11:49:39,409 - acimigrate.forms - INFO - Loading Forms
2015-10-08 11:50:45,799 - acimigrate.tasks - CRITICAL - Created EPG for vlan deleteme
2015-10-08 11:50:45,921 - acimigrate.tasks - CRITICAL - Created EPG for vlan default
2015-10-08 11:50:46,321 - acimigrate.tasks - CRITICAL - Layer 3 migration for default vlan completed
2015-10-08 11:50:46,420 - acimigrate.tasks - CRITICAL - Created EPG for vlan NFS
2015-10-08 11:50:46,506 - acimigrate.tasks - CRITICAL - Layer 3 migration for NFS vlan completed
2015-10-08 11:50:46,834 - acimigrate.tasks - CRITICAL - Created EPG for vlan Servers
2015-10-08 11:50:46,925 - acimigrate.tasks - CRITICAL - Layer 3 migration for Servers vlan completed
2015-10-08 11:50:47,028 - acimigrate.tasks - CRITICAL - Created EPG for vlan iSCSI
2015-10-08 11:50:47,365 - acimigrate.tasks - CRITICAL - Layer 3 migration for iSCSI vlan completed
2015-10-08 11:50:47,469 - acimigrate.tasks - CRITICAL - Created EPG for vlan vMotion
2015-10-08 11:50:47,883 - acimigrate.tasks - CRITICAL - Layer 3 migration for vMotion vlan completed
2015-10-08 11:50:47,991 - acimigrate.tasks - CRITICAL - Created EPG for vlan Voice
2015-10-08 11:50:48,411 - acimigrate.tasks - CRITICAL - Layer 3 migration for Voice vlan completed
2015-10-08 11:50:48,525 - acimigrate.tasks - CRITICAL - Created EPG for vlan 1000v_control
2015-10-08 11:50:48,933 - acimigrate.tasks - CRITICAL - Created EPG for vlan new-vlan
2015-10-08 11:50:49,044 - acimigrate.tasks - CRITICAL - Created EPG for vlan 1000v_packet
2015-10-08 11:55:08,417 - acimigrate - CRITICAL - *************************
2015-10-08 11:55:08,417 - acimigrate - CRITICAL - aciwebtools is starting
2015-10-08 11:55:08,417 - acimigrate - CRITICAL - *************************
2015-10-08 11:55:08,423 - acimigrate.forms - INFO - Loading Forms
2015-10-08 11:56:00,546 - acimigrate.tasks - INFO - Created EPG for vlan ameren
2015-10-08 11:56:00,694 - acimigrate.tasks - INFO - Created EPG for vlan deleteme
2015-10-08 11:56:00,844 - acimigrate.tasks - INFO - Created EPG for vlan VLAN0666
2015-10-08 11:56:00,958 - acimigrate.tasks - INFO - Created EPG for vlan default
2015-10-08 11:56:01,087 - acimigrate.tasks - INFO - Created EPG for vlan NFS
2015-10-08 11:56:01,231 - acimigrate.tasks - INFO - Created EPG for vlan Servers
2015-10-08 11:56:01,373 - acimigrate.tasks - INFO - Created EPG for vlan iSCSI
2015-10-08 11:56:01,508 - acimigrate.tasks - INFO - Created EPG for vlan vMotion
2015-10-08 11:56:01,648 - acimigrate.tasks - INFO - Created EPG for vlan Voice
2015-10-08 11:56:01,925 - acimigrate.tasks - INFO - Created EPG for vlan 1000v_control
2015-10-08 11:56:02,097 - acimigrate.tasks - INFO - Created EPG for vlan 1000v_packet
2015-10-08 11:59:06,861 - acimigrate - CRITICAL - *************************
2015-10-08 11:59:06,861 - acimigrate - CRITICAL - aciwebtools is starting
2015-10-08 11:59:06,861 - acimigrate - CRITICAL - *************************
2015-10-08 11:59:06,867 - acimigrate.forms - INFO - Loading Forms
2015-10-08 11:59:06,972 - acimigrate.tasks - INFO - Loading Tasks
2015-10-08 11:59:06,972 - acimigrate.views - INFO - Loading Views
2015-10-08 11:59:07,095 - acimigrate - CRITICAL - *************************
2015-10-08 11:59:07,095 - acimigrate - CRITICAL - aciwebtools is starting
2015-10-08 11:59:07,095 - acimigrate - CRITICAL - *************************
2015-10-08 11:59:07,099 - acimigrate.forms - INFO - Loading Forms
2015-10-08 11:59:07,195 - acimigrate.tasks - INFO - Loading Tasks
2015-10-08 11:59:07,195 - acimigrate.views - INFO - Loading Views
2015-10-08 11:59:39,762 - acimigrate - CRITICAL - *************************
2015-10-08 11:59:39,762 - acimigrate - CRITICAL - acimigrate is starting
2015-10-08 11:59:39,762 - acimigrate - CRITICAL - *************************
2015-10-08 11:59:39,766 - acimigrate.forms - INFO - Loading Forms
2015-10-08 11:59:39,863 - acimigrate.tasks - INFO - Loading Tasks
2015-10-08 11:59:39,863 - acimigrate.views - INFO - Loading Views
2015-10-08 11:59:39,987 - acimigrate - CRITICAL - *************************
2015-10-08 11:59:39,988 - acimigrate - CRITICAL - acimigrate is starting
2015-10-08 11:59:39,988 - acimigrate - CRITICAL - *************************
2015-10-08 11:59:39,992 - acimigrate.forms - INFO - Loading Forms
2015-10-08 11:59:40,091 - acimigrate.tasks - INFO - Loading Tasks
2015-10-08 11:59:40,091 - acimigrate.views - INFO - Loading Views
2015-10-20 08:25:42,703 - acimigrate - CRITICAL - *************************
2015-10-20 08:25:42,703 - acimigrate - CRITICAL - acimigrate is starting
2015-10-20 08:25:42,703 - acimigrate - CRITICAL - *************************
2015-10-20 08:25:42,715 - acimigrate.forms - INFO - Loading Forms
2015-10-20 08:25:43,033 - acimigrate.tasks - INFO - Loading Tasks
2015-10-20 08:25:43,033 - acimigrate.views - INFO - Loading Views
2015-10-20 08:25:59,597 - acimigrate - CRITICAL - *************************
2015-10-20 08:25:59,597 - acimigrate - CRITICAL - acimigrate is starting
2015-10-20 08:25:59,597 - acimigrate - CRITICAL - *************************
2015-10-20 08:25:59,602 - acimigrate.forms - INFO - Loading Forms
2015-10-20 08:25:59,721 - acimigrate.tasks - INFO - Loading Tasks
2015-10-20 08:25:59,721 - acimigrate.views - INFO - Loading Views
2015-10-20 08:26:05,577 - acimigrate - CRITICAL - *************************
2015-10-20 08:26:05,577 - acimigrate - CRITICAL - acimigrate is starting
2015-10-20 08:26:05,577 - acimigrate - CRITICAL - *************************
2015-10-20 08:26:05,581 - acimigrate.forms - INFO - Loading Forms
2015-10-20 08:26:05,686 - acimigrate.tasks - INFO - Loading Tasks
2015-10-20 08:26:05,686 - acimigrate.views - INFO - Loading Views
2015-10-20 08:26:05,865 - acimigrate - CRITICAL - *************************
2015-10-20 08:26:05,865 - acimigrate - CRITICAL - acimigrate is starting
2015-10-20 08:26:05,865 - acimigrate - CRITICAL - *************************
2015-10-20 08:26:05,869 - acimigrate.forms - INFO - Loading Forms
2015-10-20 08:26:05,970 - acimigrate.tasks - INFO - Loading Tasks
2015-10-20 08:26:05,970 - acimigrate.views - INFO - Loading Views
2015-10-20 08:28:36,820 - acimigrate.tasks - INFO - Created EPG for vlan ameren
2015-10-20 08:28:36,971 - acimigrate.tasks - INFO - Created EPG for vlan deleteme
2015-10-20 08:28:37,146 - acimigrate.tasks - INFO - Created EPG for vlan VLAN0666
2015-10-20 08:28:37,296 - acimigrate.tasks - INFO - Created EPG for vlan default
2015-10-20 08:28:37,425 - acimigrate.tasks - INFO - Layer 3 migration for default vlan completed
2015-10-20 08:28:37,582 - acimigrate.tasks - INFO - Created EPG for vlan NFS
2015-10-20 08:28:37,715 - acimigrate.tasks - INFO - Layer 3 migration for NFS vlan completed
2015-10-20 08:28:37,875 - acimigrate.tasks - INFO - Created EPG for vlan Servers
2015-10-20 08:28:38,009 - acimigrate.tasks - INFO - Layer 3 migration for Servers vlan completed
2015-10-20 08:28:38,171 - acimigrate.tasks - INFO - Created EPG for vlan iSCSI
2015-10-20 08:28:38,308 - acimigrate.tasks - INFO - Layer 3 migration for iSCSI vlan completed
2015-10-20 08:28:38,484 - acimigrate.tasks - INFO - Created EPG for vlan vMotion
2015-10-20 08:28:38,646 - acimigrate.tasks - INFO - Layer 3 migration for vMotion vlan completed
2015-10-20 08:28:38,814 - acimigrate.tasks - INFO - Created EPG for vlan Voice
2015-10-20 08:28:38,956 - acimigrate.tasks - INFO - Layer 3 migration for Voice vlan completed
2015-10-20 08:28:39,125 - acimigrate.tasks - INFO - Created EPG for vlan 1000v_control
2015-10-20 08:28:39,318 - acimigrate.tasks - INFO - Created EPG for vlan 1000v_packet
2015-11-06 09:01:59,832 - acimigrate - CRITICAL - *************************
2015-11-06 09:01:59,832 - acimigrate - CRITICAL - acimigrate is starting
2015-11-06 09:01:59,832 - acimigrate - CRITICAL - *************************
2015-11-06 09:01:59,847 - acimigrate.forms - INFO - Loading Forms
2015-11-06 09:02:00,161 - acimigrate.tasks - INFO - Loading Tasks
2015-11-06 09:02:00,161 - acimigrate.views - INFO - Loading Views
2015-11-06 09:02:00,338 - acimigrate - CRITICAL - *************************
2015-11-06 09:02:00,338 - acimigrate - CRITICAL - acimigrate is starting
2015-11-06 09:02:00,338 - acimigrate - CRITICAL - *************************
2015-11-06 09:02:00,342 - acimigrate.forms - INFO - Loading Forms
2015-11-06 09:02:00,470 - acimigrate.tasks - INFO - Loading Tasks
2015-11-06 09:02:00,470 - acimigrate.views - INFO - Loading Views
2015-11-06 09:03:11,648 - acimigrate.tasks - INFO - Created EPG for vlan deleteme
2015-11-06 09:03:11,792 - acimigrate.tasks - INFO - Created EPG for vlan default
2015-11-06 09:03:11,946 - acimigrate.tasks - INFO - Layer 3 migration for default vlan completed
2015-11-06 09:03:12,113 - acimigrate.tasks - INFO - Created EPG for vlan NFS
2015-11-06 09:03:12,244 - acimigrate.tasks - INFO - Layer 3 migration for NFS vlan completed
2015-11-06 09:03:12,387 - acimigrate.tasks - INFO - Created EPG for vlan Servers
2015-11-06 09:03:12,508 - acimigrate.tasks - INFO - Layer 3 migration for Servers vlan completed
2015-11-06 09:03:12,661 - acimigrate.tasks - INFO - Created EPG for vlan iSCSI
2015-11-06 09:03:12,792 - acimigrate.tasks - INFO - Layer 3 migration for iSCSI vlan completed
2015-11-06 09:03:12,939 - acimigrate.tasks - INFO - Created EPG for vlan vMotion
2015-11-06 09:03:13,068 - acimigrate.tasks - INFO - Layer 3 migration for vMotion vlan completed
2015-11-06 09:03:13,224 - acimigrate.tasks - INFO - Created EPG for vlan Voice
2015-11-06 09:03:13,401 - acimigrate.tasks - INFO - Layer 3 migration for Voice vlan completed
2015-11-06 09:03:13,568 - acimigrate.tasks - INFO - Created EPG for vlan 1000v_control
2015-11-06 09:03:13,745 - acimigrate.tasks - INFO - Created EPG for vlan new-vlan
2015-11-06 09:03:13,919 - acimigrate.tasks - INFO - Created EPG for vlan 1000v_packet
2015-11-24 09:15:51,492 - acimigrate - CRITICAL - *************************
2015-11-24 09:15:51,492 - acimigrate - CRITICAL - acimigrate is starting
2015-11-24 09:15:51,492 - acimigrate - CRITICAL - *************************
2015-11-24 09:15:51,508 - acimigrate.forms - INFO - Loading Forms
2015-11-24 09:15:51,836 - acimigrate.tasks - INFO - Loading Tasks
2015-11-24 09:15:51,836 - acimigrate.views - INFO - Loading Views
2015-11-24 09:15:51,986 - acimigrate - CRITICAL - *************************
2015-11-24 09:15:51,987 - acimigrate - CRITICAL - acimigrate is starting
2015-11-24 09:15:51,987 - acimigrate - CRITICAL - *************************
2015-11-24 09:15:51,991 - acimigrate.forms - INFO - Loading Forms
2015-11-24 09:15:52,121 - acimigrate.tasks - INFO - Loading Tasks
2015-11-24 09:15:52,121 - acimigrate.views - INFO - Loading Views
2015-11-24 09:33:35,753 - acimigrate.tasks - INFO - Created EPG for vlan ameren
2015-11-24 09:33:35,873 - acimigrate.tasks - INFO - Created EPG for vlan deleteme
2015-11-24 09:33:35,982 - acimigrate.tasks - INFO - Created EPG for vlan VLAN0666
2015-11-24 09:33:36,048 - acimigrate.tasks - INFO - Created EPG for vlan default
2015-11-24 09:33:36,097 - acimigrate.tasks - INFO - Layer 3 migration for default vlan completed
2015-11-24 09:33:36,204 - acimigrate.tasks - INFO - Created EPG for vlan NFS
2015-11-24 09:33:36,258 - acimigrate.tasks - INFO - Layer 3 migration for NFS vlan completed
2015-11-24 09:33:36,342 - acimigrate.tasks - INFO - Created EPG for vlan Servers
2015-11-24 09:33:36,385 - acimigrate.tasks - INFO - Layer 3 migration for Servers vlan completed
2015-11-24 09:33:36,467 - acimigrate.tasks - INFO - Created EPG for vlan iSCSI
2015-11-24 09:33:36,513 - acimigrate.tasks - INFO - Layer 3 migration for iSCSI vlan completed
2015-11-24 09:33:36,602 - acimigrate.tasks - INFO - Created EPG for vlan vMotion
2015-11-24 09:33:36,668 - acimigrate.tasks - INFO - Layer 3 migration for vMotion vlan completed
2015-11-24 09:33:36,761 - acimigrate.tasks - INFO - Created EPG for vlan Voice
2015-11-24 09:33:36,827 - acimigrate.tasks - INFO - Layer 3 migration for Voice vlan completed
2015-11-24 09:33:36,944 - acimigrate.tasks - INFO - Created EPG for vlan 1000v_control
2015-11-24 09:33:37,050 - acimigrate.tasks - INFO - Created EPG for vlan 1000v_packet
2015-11-24 19:13:07,518 - acimigrate - CRITICAL - *************************
2015-11-24 19:13:07,519 - acimigrate - CRITICAL - acimigrate is starting
2015-11-24 19:13:07,519 - acimigrate - CRITICAL - *************************
2015-11-24 19:13:07,525 - acimigrate.forms - INFO - Loading Forms
2015-11-24 19:13:07,720 - acimigrate.tasks - INFO - Loading Tasks
2015-11-24 19:13:07,720 - acimigrate.views - INFO - Loading Views
2015-11-24 19:13:07,867 - acimigrate - CRITICAL - *************************
2015-11-24 19:13:07,867 - acimigrate - CRITICAL - acimigrate is starting
2015-11-24 19:13:07,867 - acimigrate - CRITICAL - *************************
2015-11-24 19:13:07,872 - acimigrate.forms - INFO - Loading Forms
2015-11-24 19:13:07,981 - acimigrate.tasks - INFO - Loading Tasks
2015-11-24 19:13:07,981 - acimigrate.views - INFO - Loading Views
